    [92;1mBuilding[0m App: oscomp, Arch: riscv64, Platform: riscv64-qemu-virt, App type: rust
[37mcargo build[0m [90m--target riscv64gc-unknown-none-elf --target-dir /home/yanlien/Program/kernel/Starry/target --release  --manifest-path apps/oscomp/Cargo.toml --features "syscall_entry/log-level-debug syscall_entry/syscall_fs syscall_entry/syscall_mem syscall_entry/syscall_task syscall_entry/futex syscall_entry/signal syscall_entry/img syscall_entry/syscall_net"[0m
[37mrust-objcopy --binary-architecture=riscv64[0m [90mapps/oscomp/oscomp_riscv64-qemu-virt.elf --strip-all -O binary apps/oscomp/oscomp_riscv64-qemu-virt.bin[0m
    [96;1mRunning[0m on qemu...
[37mqemu-system-riscv64[0m [90m-m 16G -smp 1 -machine virt -bios default -kernel apps/oscomp/oscomp_riscv64-qemu-virt.bin -device virtio-blk-device,drive=disk0 -drive id=disk0,if=none,format=raw,file=disk.img -device virtio-net-device,netdev=net0 -netdev user,id=net0,hostfwd=tcp::5555-:5555,hostfwd=udp::5555-:5555 -nographic[0m

OpenSBI v1.0
   ____                    _____ ____ _____
  / __ \                  / ____|  _ \_   _|
 | |  | |_ __   ___ _ __ | (___ | |_) || |
 | |  | | '_ \ / _ \ '_ \ \___ \|  _ < | |
 | |__| | |_) |  __/ | | |____) | |_) || |_
  \____/| .__/ \___|_| |_|_____/|____/_____|
        | |
        |_|

Platform Name             : riscv-virtio,qemu
Platform Features         : medeleg
Platform HART Count       : 1
Platform IPI Device       : aclint-mswi
Platform Timer Device     : aclint-mtimer @ 10000000Hz
Platform Console Device   : uart8250
Platform HSM Device       : ---
Platform Reboot Device    : sifive_test
Platform Shutdown Device  : sifive_test
Firmware Base             : 0x80000000
Firmware Size             : 252 KB
Runtime SBI Version       : 0.3

Domain0 Name              : root
Domain0 Boot HART         : 0
Domain0 HARTs             : 0*
Domain0 Region00          : 0x0000000002000000-0x000000000200ffff (I)
Domain0 Region01          : 0x0000000080000000-0x000000008003ffff ()
Domain0 Region02          : 0x0000000000000000-0xffffffffffffffff (R,W,X)
Domain0 Next Address      : 0x0000000080200000
Domain0 Next Arg1         : 0x00000000bf000000
Domain0 Next Mode         : S-mode
Domain0 SysReset          : yes

Boot HART ID              : 0
Boot HART Domain          : root
Boot HART ISA             : rv64imafdcsuh
Boot HART Features        : scounteren,mcounteren,time
Boot HART PMP Count       : 16
Boot HART PMP Granularity : 4
Boot HART PMP Address Bits: 54
Boot HART MHPM Count      : 0
Boot HART MIDELEG         : 0x0000000000001666
Boot HART MEDELEG         : 0x0000000000f0b509

       d8888                            .d88888b.   .d8888b.
      d88888                           d88P" "Y88b d88P  Y88b
     d88P888                           888     888 Y88b.
    d88P 888 888d888  .d8888b  .d88b.  888     888  "Y888b.
   d88P  888 888P"   d88P"    d8P  Y8b 888     888     "Y88b.
  d88P   888 888     888      88888888 888     888       "888
 d8888888888 888     Y88b.    Y8b.     Y88b. .d88P Y88b  d88P
d88P     888 888      "Y8888P  "Y8888   "Y88888P"   "Y8888P"

arch = riscv64
platform = riscv64-qemu-virt
target = riscv64gc-unknown-none-elf
smp = 1
build_mode = release
log_level = debug

[37m[  0.274985 0 axruntime:130] [32mLogging is enabled.[m
[m[37m[  0.285242 0 axruntime:131] [32mPrimary CPU 0 started, dtb = 0xbf000000.[m
[m[37m[  0.290161 0 axruntime:133] [32mFound physcial memory regions:[m
[m[37m[  0.295910 0 axruntime:135] [32m  [PA:0x80200000, PA:0x802a1000) .text (READ | EXECUTE | RESERVED)[m
[m[37m[  0.302830 0 axruntime:135] [32m  [PA:0x802a1000, PA:0x802c6000) .rodata (READ | RESERVED)[m
[m[37m[  0.306385 0 axruntime:135] [32m  [PA:0x802d0000, PA:0x84ae2000) .data .tdata .tbss .percpu (READ | WRITE | RESERVED)[m
[m[37m[  0.310539 0 axruntime:135] [32m  [PA:0x84ae2000, PA:0x84b22000) boot stack (READ | WRITE | RESERVED)[m
[m[37m[  0.314195 0 axruntime:135] [32m  [PA:0x84b22000, PA:0x84b47000) .bss (READ | WRITE | RESERVED)[m
[m[37m[  0.318526 0 axruntime:135] [32m  [PA:0x84b47000, PA:0x88000000) free memory (READ | WRITE | FREE)[m
[m[37m[  0.322828 0 axruntime:135] [32m  [PA:0xc000000, PA:0xc210000) mmio (READ | WRITE | DEVICE | RESERVED)[m
[m[37m[  0.326996 0 axruntime:135] [32m  [PA:0x10000000, PA:0x10001000) mmio (READ | WRITE | DEVICE | RESERVED)[m
[m[37m[  0.330727 0 axruntime:135] [32m  [PA:0x10001000, PA:0x10009000) mmio (READ | WRITE | DEVICE | RESERVED)[m
[m[37m[  0.334442 0 axruntime:135] [32m  [PA:0x30000000, PA:0x40000000) mmio (READ | WRITE | DEVICE | RESERVED)[m
[m[37m[  0.338150 0 axruntime:135] [32m  [PA:0x40000000, PA:0x80000000) mmio (READ | WRITE | DEVICE | RESERVED)[m
[m[37m[  0.342304 0 axruntime:135] [32m  [PA:0xa0000000, PA:0x1a0000000) extend free memory (READ | WRITE | FREE)[m
[m[37m[  0.346764 0 axruntime:217] [32mInitialize global memory allocator...[m
[m[37m[  0.350056 0 axruntime:218] [32m  use TLSF allocator.[m
[m[37m[  0.356728 0 axruntime:230] [32malloc region size: 100000000[m
[m[37m[  0.360838 0 axalloc:212] [36minitialize global allocator at: [0xffffffc0a0000000, 0xffffffc1a0000000)[m
[m[37m[  0.383221 0 axalloc:227] [36madd a memory region to global allocator: [0xffffffc084b47000, 0xffffffc088000000)[m
[m[37m[  0.390598 0 axruntime:149] [32mInitialize kernel page table...[m
[m[37m[  0.417303 0 axruntime:153] [32mInitialize platform devices...[m
[m[37m[  0.424487 0 axtask::api:68] [32mInitialize scheduling...[m
[m[37m[  0.432411 0 axtask::task:470] [36mnew task: Task(2, "idle")[m
[m[37m[  0.439966 0 axtask::task:470] [36mnew task: Task(4, "gc")[m
[m[37m[  0.444878 0 axtask::api:74] [32m  use FIFO scheduler.[m
[m[37m[  0.451818 0 axdriver:152] [32mInitialize device drivers...[m
[m[37m[  0.455607 0 axdriver:153] [32m  device model: static[m
[m[37m[  0.464399 0 axalloc:118] [36mexpand heap memory: [0xffffffc0a0031000, 0xffffffc0a4031000)[m
[m[37m[  0.479900 0 axalloc:118] [36mexpand heap memory: [0xffffffc0a4031000, 0xffffffc0ac031000)[m
[m[37m[  0.895655 0 axalloc:118] [36mexpand heap memory: [0xffffffc0ac031000, 0xffffffc0bc031000)[m
[m[37m[  1.447882 0 axdriver:124] [32mregistered a new Block device: "ramdisk"[m
[m[37m[  1.457115 0 virtio_drivers::transport:78] [36mDevice features: Features(CTRL_GUEST_OFFLOADS | MAC | GSO | MRG_RXBUF | STATUS | CTRL_VQ | CTRL_RX | CTRL_VLAN | CTRL_RX_EXTRA | GUEST_ANNOUNCE | CTL_MAC_ADDR | RING_INDIRECT_DESC | RING_EVENT_IDX)[m
[m[37m[  1.472383 0 virtio_drivers::device::net::dev_raw:30] [32mnegotiated_features Features(MAC | STATUS | RING_EVENT_IDX)[m
[m[37m[  1.479092 0 virtio_drivers::device::net::dev_raw:37] [36mGot MAC=[52, 54, 00, 12, 34, 56], status=Status(LINK_UP)[m
[m[37m[  1.508600 0 axdriver::bus::mmio:11] [32mregistered a new Net device at [PA:0x10007000, PA:0x10008000): "virtio-net"[m
[m[37m[  1.516821 0 axdriver:171] [36mnumber of NICs: 1[m
[m[37m[  1.520245 0 axdriver:174] [36m  NIC 0: "virtio-net"[m
[m[37m[  1.523890 0 axdriver:179] [36mnumber of block devices: 1[m
[m[37m[  1.527679 0 axdriver:182] [36m  block device 0: "ramdisk"[m
[m[37m[  1.531632 0 axfs:44] [32mInitialize filesystems...[m
[m[37m[  1.535182 0 axfs:47] [32m  use block device 0: "ramdisk"[m
[m[37m[  1.563969 0 axfs::fs::fatfs:176] [36mcreate Dir at fatfs: /dev[m
[m[37m[  1.673879 0 axfs::fs::fatfs:156] [36mlookup at fatfs: /dev[m
[m[37m[  1.706565 0 fatfs::dir:140] [31mIs a directory[m
[m[37m[  1.745885 0 axfs::fs::fatfs:176] [36mcreate Dir at fatfs: /tmp[m
[m[37m[  1.804128 0 axfs::fs::fatfs:156] [36mlookup at fatfs: /tmp[m
[m[37m[  1.834952 0 fatfs::dir:140] [31mIs a directory[m
[m[37m[  1.867572 0 axfs::fs::fatfs:176] [36mcreate Dir at fatfs: /var[m
[m[37m[  1.926664 0 axfs::fs::fatfs:156] [36mlookup at fatfs: /var[m
[m[37m[  1.957648 0 fatfs::dir:140] [31mIs a directory[m
[m[37m[  1.990152 0 axfs_ramfs::dir:128] [36mcreate Dir at ramfs: sys[m
[m[37m[  1.996702 0 axfs_ramfs::dir:128] [36mcreate Dir at ramfs: sys/net[m
[m[37m[  2.001956 0 axfs_ramfs::dir:128] [36mcreate Dir at ramfs: net[m
[m[37m[  2.005641 0 axfs_ramfs::dir:128] [36mcreate Dir at ramfs: sys/net/core[m
[m[37m[  2.009562 0 axfs_ramfs::dir:128] [36mcreate Dir at ramfs: net/core[m
[m[37m[  2.013059 0 axfs_ramfs::dir:128] [36mcreate Dir at ramfs: core[m
[m[37m[  2.016643 0 axfs_ramfs::dir:128] [36mcreate File at ramfs: sys/net/core/somaxconn[m
[m[37m[  2.021295 0 axfs_ramfs::dir:128] [36mcreate File at ramfs: net/core/somaxconn[m
[m[37m[  2.025609 0 axfs_ramfs::dir:128] [36mcreate File at ramfs: core/somaxconn[m
[m[37m[  2.029587 0 axfs_ramfs::dir:128] [36mcreate File at ramfs: somaxconn[m
[m[37m[  2.037305 0 axfs_ramfs::dir:128] [36mcreate Dir at ramfs: sys/vm[m
[m[37m[  2.040774 0 axfs_ramfs::dir:128] [36mcreate Dir at ramfs: vm[m
[m[37m[  2.045466 0 axfs_ramfs::dir:128] [36mcreate File at ramfs: sys/vm/overcommit_memory[m
[m[37m[  2.049671 0 axfs_ramfs::dir:128] [36mcreate File at ramfs: vm/overcommit_memory[m
[m[37m[  2.053703 0 axfs_ramfs::dir:128] [36mcreate File at ramfs: overcommit_memory[m
[m[37m[  2.058673 0 axfs_ramfs::dir:128] [36mcreate Dir at ramfs: self[m
[m[37m[  2.062793 0 axfs_ramfs::dir:128] [36mcreate File at ramfs: self/stat[m
[m[37m[  2.066519 0 axfs_ramfs::dir:128] [36mcreate File at ramfs: stat[m
[m[37m[  2.069872 0 axfs_ramfs::dir:128] [36mcreate File at ramfs: meminfo[m
[m[37m[  2.073444 0 axfs_ramfs::dir:128] [36mcreate File at ramfs: mounts[m
[m[37m[  2.077646 0 axfs_ramfs::dir:128] [36mcreate File at ramfs: interrupts[m
[m[37m[  2.082301 0 axfs::fs::fatfs:176] [36mcreate Dir at fatfs: /proc[m
[m[37m[  2.141965 0 axfs::fs::fatfs:156] [36mlookup at fatfs: /proc[m
[m[37m[  2.173738 0 fatfs::dir:140] [31mIs a directory[m
[m[37m[  2.208658 0 axfs_ramfs::dir:128] [36mcreate Dir at ramfs: kernel[m
[m[37m[  2.212450 0 axfs_ramfs::dir:128] [36mcreate Dir at ramfs: kernel/mm[m
[m[37m[  2.216042 0 axfs_ramfs::dir:128] [36mcreate Dir at ramfs: mm[m
[m[37m[  2.219267 0 axfs_ramfs::dir:128] [36mcreate Dir at ramfs: kernel/mm/transparent_hugepage[m
[m[37m[  2.223837 0 axfs_ramfs::dir:128] [36mcreate Dir at ramfs: mm/transparent_hugepage[m
[m[37m[  2.228210 0 axfs_ramfs::dir:128] [36mcreate Dir at ramfs: transparent_hugepage[m
[m[37m[  2.234039 0 axfs_ramfs::dir:128] [36mcreate File at ramfs: kernel/mm/transparent_hugepage/enabled[m
[m[37m[  2.239516 0 axfs_ramfs::dir:128] [36mcreate File at ramfs: mm/transparent_hugepage/enabled[m
[m[37m[  2.244146 0 axfs_ramfs::dir:128] [36mcreate File at ramfs: transparent_hugepage/enabled[m
[m[37m[  2.248682 0 axfs_ramfs::dir:128] [36mcreate File at ramfs: enabled[m
[m[37m[  2.252980 0 axfs_ramfs::dir:128] [36mcreate Dir at ramfs: devices[m
[m[37m[  2.260165 0 axfs_ramfs::dir:128] [36mcreate Dir at ramfs: devices/system[m
[m[37m[  2.264693 0 axfs_ramfs::dir:128] [36mcreate Dir at ramfs: system[m
[m[37m[  2.268232 0 axfs_ramfs::dir:128] [36mcreate Dir at ramfs: devices/system/clocksource[m
[m[37m[  2.272647 0 axfs_ramfs::dir:128] [36mcreate Dir at ramfs: system/clocksource[m
[m[37m[  2.277420 0 axfs_ramfs::dir:128] [36mcreate Dir at ramfs: clocksource[m
[m[37m[  2.281449 0 axfs_ramfs::dir:128] [36mcreate Dir at ramfs: devices/system/clocksource/clocksource0[m
[m[37m[  2.286473 0 axfs_ramfs::dir:128] [36mcreate Dir at ramfs: system/clocksource/clocksource0[m
[m[37m[  2.291090 0 axfs_ramfs::dir:128] [36mcreate Dir at ramfs: clocksource/clocksource0[m
[m[37m[  2.295440 0 axfs_ramfs::dir:128] [36mcreate Dir at ramfs: clocksource0[m
[m[37m[  2.299381 0 axfs_ramfs::dir:128] [36mcreate File at ramfs: devices/system/clocksource/clocksource0/current_clocksource[m
[m[37m[  2.305290 0 axfs_ramfs::dir:128] [36mcreate File at ramfs: system/clocksource/clocksource0/current_clocksource[m
[m[37m[  2.310887 0 axfs_ramfs::dir:128] [36mcreate File at ramfs: clocksource/clocksource0/current_clocksource[m
[m[37m[  2.319300 0 axfs_ramfs::dir:128] [36mcreate File at ramfs: clocksource0/current_clocksource[m
[m[37m[  2.324126 0 axfs_ramfs::dir:128] [36mcreate File at ramfs: current_clocksource[m
[m[37m[  2.329471 0 axfs::fs::fatfs:176] [36mcreate Dir at fatfs: /sys[m
[m[37m[  2.402956 0 axfs::fs::fatfs:156] [36mlookup at fatfs: /sys[m
[m[37m[  2.439324 0 fatfs::dir:140] [31mIs a directory[m
[m[37m[  2.476201 0 axnet:46] [32mInitialize network subsystem...[m
[m[37m[  2.480585 0 axnet:49] [32m  use NIC 0: "virtio-net"[m
[m[37m[  2.512404 0 axruntime:185] [32mInitialize interrupt handlers...[m
[m[37m[  2.522152 0 axruntime:195] [32mPrimary CPU 0 init OK.[m
[m[37m[  2.537986 0:3 axprocess::link:236] [32mcreate_link: /lib/ld-musl-riscv64-sf.so.1 -> /libc.so[m
[m[37m[  2.546519 0:3 axfs::root:81] [36mlookup at root: /libc.so[m
[m[37m[  2.551007 0:3 axfs::fs::fatfs:156] [36mlookup at fatfs: libc.so[m
[m[37m[  2.577906 0:3 axprocess::link:236] [32mcreate_link: /lib/ld-musl-riscv64.so.1 -> /libc.so[m
[m[37m[  2.582726 0:3 axfs::root:81] [36mlookup at root: /libc.so[m
[m[37m[  2.585835 0:3 axfs::fs::fatfs:156] [36mlookup at fatfs: libc.so[m
[m[37m[  2.606122 0:3 axprocess::link:236] [32mcreate_link: /lib/tls_get_new-dtv_dso.so -> /tls_get_new-dtv_dso.so[m
[m[37m[  2.610830 0:3 axfs::root:81] [36mlookup at root: /tls_get_new-dtv_dso.so[m
[m[37m[  2.614050 0:3 axfs::fs::fatfs:156] [36mlookup at fatfs: tls_get_new-dtv_dso.so[m
[m[37m[  2.646275 0:3 axprocess::link:236] [32mcreate_link: /sbin/busybox -> /busybox[m
[m[37m[  2.649551 0:3 axfs::root:81] [36mlookup at root: /busybox[m
[m[37m[  2.653257 0:3 axfs::fs::fatfs:156] [36mlookup at fatfs: busybox[m
[m[37m[  2.659073 0:3 axprocess::link:236] [32mcreate_link: /sbin/ls -> /busybox[m
[m[37m[  2.663294 0:3 axfs::root:81] [36mlookup at root: /busybox[m
[m[37m[  2.666115 0:3 axfs::fs::fatfs:156] [36mlookup at fatfs: busybox[m
[m[37m[  2.671082 0:3 axprocess::link:236] [32mcreate_link: /ls -> /busybox[m
[m[37m[  2.673973 0:3 axfs::root:81] [36mlookup at root: /busybox[m
[m[37m[  2.676485 0:3 axfs::fs::fatfs:156] [36mlookup at fatfs: busybox[m
[m[37m[  2.681611 0:3 axprocess::link:236] [32mcreate_link: /sh -> /busybox[m
[m[37m[  2.684479 0:3 axfs::root:81] [36mlookup at root: /busybox[m
[m[37m[  2.686906 0:3 axfs::fs::fatfs:156] [36mlookup at fatfs: busybox[m
[m[37m[  2.691700 0:3 axprocess::link:236] [32mcreate_link: /bin/lmbench_all -> /lmbench_all[m
[m[37m[  2.695116 0:3 axfs::root:81] [36mlookup at root: /lmbench_all[m
[m[37m[  2.698048 0:3 axfs::fs::fatfs:156] [36mlookup at fatfs: lmbench_all[m
[m[37m[  2.720863 0:3 axprocess::link:236] [32mcreate_link: /bin/iozone -> /iozone[m
[m[37m[  2.724054 0:3 axfs::root:81] [36mlookup at root: /iozone[m
[m[37m[  2.726641 0:3 axfs::fs::fatfs:156] [36mlookup at fatfs: iozone[m
[m[37m[  2.743378 0:3 axfs::fops:117] [36mopen file: /lat_sig READ | WRITE | CREATE[m
[m[37m[  2.748759 0:3 axfs::root:81] [36mlookup at root: /lat_sig[m
[m[37m[  2.753683 0:3 axfs::fs::fatfs:156] [36mlookup at fatfs: lat_sig[m
[m[37m[  2.823986 0:3 axfs::root:81] [36mlookup at root: /lat_sig[m
[m[37m[  2.828656 0:3 axfs::fs::fatfs:176] [36mcreate File at fatfs: lat_sig[m
[m[37m[  2.896683 0:3 axfs::root:81] [36mlookup at root: /lat_sig[m
[m[37m[  2.899444 0:3 axfs::fs::fatfs:156] [36mlookup at fatfs: lat_sig[m
[m[37m[  2.939171 0:3 axprocess::link:236] [32mcreate_link: /riscv64-linux-musl-native/lib/ld-musl-riscv64.so.1 -> /lib/libc.so[m
[m[37m[  2.945693 0:3 axfs::root:81] [36mlookup at root: /lib/libc.so[m
[m[37m[  2.950735 0:3 axfs::fs::fatfs:156] [36mlookup at fatfs: lib/libc.so[m
[m[37m[  3.017751 0:3 axprocess::link:246] [36mlink dest file not exists[m
[m[37m[  3.023373 0:3 axprocess::link:236] [32mcreate_link: /riscv64-linux-musl-native/lib/libatomic.so -> /riscv64-linux-musl-native/lib/libatomic.so.1.2.0[m
[m[37m[  3.028929 0:3 axfs::root:81] [36mlookup at root: /riscv64-linux-musl-native/lib/libatomic.so.1.2.0[m
[m[37m[  3.034160 0:3 axfs::fs::fatfs:156] [36mlookup at fatfs: riscv64-linux-musl-native/lib/libatomic.so.1.2.0[m
[m[37m[  3.100681 0:3 axprocess::link:246] [36mlink dest file not exists[m
[m[37m[  3.105210 0:3 axprocess::link:236] [32mcreate_link: /riscv64-linux-musl-native/lib/libatomic.so.1 -> /riscv64-linux-musl-native/lib/libatomic.so.1.2.0[m
[m[37m[  3.111604 0:3 axfs::root:81] [36mlookup at root: /riscv64-linux-musl-native/lib/libatomic.so.1.2.0[m
[m[37m[  3.115759 0:3 axfs::fs::fatfs:156] [36mlookup at fatfs: riscv64-linux-musl-native/lib/libatomic.so.1.2.0[m
[m[37m[  3.182581 0:3 axprocess::link:246] [36mlink dest file not exists[m
[m[37m[  3.187042 0:3 axprocess::link:236] [32mcreate_link: /riscv64-linux-musl-native/lib/libgfortran.so -> /riscv64-linux-musl-native/lib/libgfortran.so.5.0.0[m
[m[37m[  3.194476 0:3 axfs::root:81] [36mlookup at root: /riscv64-linux-musl-native/lib/libgfortran.so.5.0.0[m
[m[37m[  3.198936 0:3 axfs::fs::fatfs:156] [36mlookup at fatfs: riscv64-linux-musl-native/lib/libgfortran.so.5.0.0[m
[m[37m[  3.266237 0:3 axprocess::link:246] [36mlink dest file not exists[m
[m[37m[  3.271193 0:3 axprocess::link:236] [32mcreate_link: /riscv64-linux-musl-native/lib/libgfortran.so.5 -> /riscv64-linux-musl-native/lib/libgfortran.so.5.0.0[m
[m[37m[  3.277170 0:3 axfs::root:81] [36mlookup at root: /riscv64-linux-musl-native/lib/libgfortran.so.5.0.0[m
[m[37m[  3.281837 0:3 axfs::fs::fatfs:156] [36mlookup at fatfs: riscv64-linux-musl-native/lib/libgfortran.so.5.0.0[m
[m[37m[  3.348251 0:3 axprocess::link:246] [36mlink dest file not exists[m
[m[37m[  3.354162 0:3 axprocess::link:236] [32mcreate_link: /riscv64-linux-musl-native/lib/libgomp.so -> /riscv64-linux-musl-native/lib/libgomp.so.1.0.0[m
[m[37m[  3.360434 0:3 axfs::root:81] [36mlookup at root: /riscv64-linux-musl-native/lib/libgomp.so.1.0.0[m
[m[37m[  3.365165 0:3 axfs::fs::fatfs:156] [36mlookup at fatfs: riscv64-linux-musl-native/lib/libgomp.so.1.0.0[m
[m[37m[  3.434400 0:3 axprocess::link:246] [36mlink dest file not exists[m
[m[37m[  3.439425 0:3 axprocess::link:236] [32mcreate_link: /riscv64-linux-musl-native/lib/libgomp.so.1 -> /riscv64-linux-musl-native/lib/libgomp.so.1.0.0[m
[m[37m[  3.446850 0:3 axfs::root:81] [36mlookup at root: /riscv64-linux-musl-native/lib/libgomp.so.1.0.0[m
[m[37m[  3.451699 0:3 axfs::fs::fatfs:156] [36mlookup at fatfs: riscv64-linux-musl-native/lib/libgomp.so.1.0.0[m
[m[37m[  3.521573 0:3 axprocess::link:246] [36mlink dest file not exists[m
[m[37m[  3.526788 0:3 axprocess::link:236] [32mcreate_link: /riscv64-linux-musl-native/lib/libssp.so -> /riscv64-linux-musl-native/lib/libssp.so.0.0.0[m
[m[37m[  3.533791 0:3 axfs::root:81] [36mlookup at root: /riscv64-linux-musl-native/lib/libssp.so.0.0.0[m
[m[37m[  3.538341 0:3 axfs::fs::fatfs:156] [36mlookup at fatfs: riscv64-linux-musl-native/lib/libssp.so.0.0.0[m
[m[37m[  3.605405 0:3 axprocess::link:246] [36mlink dest file not exists[m
[m[37m[  3.611132 0:3 axprocess::link:236] [32mcreate_link: /riscv64-linux-musl-native/lib/libssp.so.0 -> /riscv64-linux-musl-native/lib/libssp.so.0.0.0[m
[m[37m[  3.616596 0:3 axfs::root:81] [36mlookup at root: /riscv64-linux-musl-native/lib/libssp.so.0.0.0[m
[m[37m[  3.621002 0:3 axfs::fs::fatfs:156] [36mlookup at fatfs: riscv64-linux-musl-native/lib/libssp.so.0.0.0[m
[m[37m[  3.707651 0:3 axprocess::link:246] [36mlink dest file not exists[m
[m[37m[  3.717503 0:3 axprocess::link:236] [32mcreate_link: /riscv64-linux-musl-native/lib/libstdc++.so -> /riscv64-linux-musl-native/lib/libstdc++.so.6.0.29[m
[m[37m[  3.724842 0:3 axfs::root:81] [36mlookup at root: /riscv64-linux-musl-native/lib/libstdc++.so.6.0.29[m
[m[37m[  3.729319 0:3 axfs::fs::fatfs:156] [36mlookup at fatfs: riscv64-linux-musl-native/lib/libstdc++.so.6.0.29[m
[m[37m[  3.799180 0:3 axprocess::link:246] [36mlink dest file not exists[m
[m[37m[  3.805582 0:3 axprocess::link:236] [32mcreate_link: /riscv64-linux-musl-native/lib/libstdc++.so.6 -> /riscv64-linux-musl-native/lib/libstdc++.so.6.0.29[m
[m[37m[  3.812211 0:3 axfs::root:81] [36mlookup at root: /riscv64-linux-musl-native/lib/libstdc++.so.6.0.29[m
[m[37m[  3.816921 0:3 axfs::fs::fatfs:156] [36mlookup at fatfs: riscv64-linux-musl-native/lib/libstdc++.so.6.0.29[m
[m[37m[  3.884998 0:3 axprocess::link:246] [36mlink dest file not exists[m
[m[37m[  3.897329 0:3 axmem:87] [36mmapping kernel region [0xffffffc080200000, 0xffffffc0802a1000)[m
[m[37m[  3.905773 0:3 axmem:87] [36mmapping kernel region [0xffffffc0802a1000, 0xffffffc0802c6000)[m
[m[37m[  3.909804 0:3 axmem:87] [36mmapping kernel region [0xffffffc0802d0000, 0xffffffc084ae2000)[m
[m[37m[  3.914464 0:3 axmem:87] [36mmapping kernel region [0xffffffc084ae2000, 0xffffffc084b22000)[m
[m[37m[  3.918383 0:3 axmem:87] [36mmapping kernel region [0xffffffc084b22000, 0xffffffc084b47000)[m
[m[37m[  3.923399 0:3 axmem:87] [36mmapping kernel region [0xffffffc084b47000, 0xffffffc088000000)[m
[m[37m[  3.927881 0:3 axmem:87] [36mmapping kernel region [0xffffffc00c000000, 0xffffffc00c210000)[m
[m[37m[  3.932994 0:3 axmem:87] [36mmapping kernel region [0xffffffc010000000, 0xffffffc010001000)[m
[m[37m[  3.936929 0:3 axmem:87] [36mmapping kernel region [0xffffffc010001000, 0xffffffc010009000)[m
[m[37m[  3.945725 0:3 axmem:87] [36mmapping kernel region [0xffffffc030000000, 0xffffffc040000000)[m
[m[37m[  3.949952 0:3 axmem:87] [36mmapping kernel region [0xffffffc040000000, 0xffffffc080000000)[m
[m[37m[  3.954320 0:3 axmem:87] [36mmapping kernel region [0xffffffc0a0000000, 0xffffffc1a0000000)[m
[m[37m[  3.963225 0:3 axfs::fops:117] [36mopen file: busybox READ[m
[m[37m[  3.967098 0:3 axfs::root:81] [36mlookup at root: busybox[m
[m[37m[  3.971057 0:3 axfs::fs::fatfs:156] [36mlookup at fatfs: busybox[m
[m[37m[  5.120522 0:3 axprocess::api:163] [36mapp elf data length: 1387560[m
[m[37m[  5.125604 0:3 axprocess::loader:53] [32margs: ["busybox", "ls"][m
[m[37m[  5.133525 0:3 axmem:127] [32mBase addr for the elf: 0x0[m
[m[37m[  5.137115 0:3 axmem:155] [36m[new region] elf section [0x10000, 0x161fac)[m
[m[37m[  5.160655 0:3 axmem::area:62] [32mstart: VA:0x10000, size: 152000,  page start: VA:0xffffffc0bc03b000[m
[m[37m[  5.167398 0:3 axmem:343] [36mallocating [0x10000, 0x161fac) to [0x10000, 0x162000) flag: MappingFlags(READ | EXECUTE | USER)[m
[m[37m[  5.176416 0:3 axmem:155] [36m[new region] elf section [0x162000, 0x165380)[m
[m[37m[  5.180343 0:3 axmem::area:62] [32mstart: VA:0x162000, size: 4000,  page start: VA:0xffffffc0bc18f000[m
[m[37m[  5.185070 0:3 axmem:343] [36mallocating [0x162000, 0x165380) to [0x162000, 0x166000) flag: MappingFlags(READ | WRITE | USER)[m
[m[37m[  5.191294 0:3 axmem:169] [32m[loader] base addr: 0x0[m
[m[37m[  5.197210 0:3 axmem:293] [32mRelocating done[m
[m[37m[  5.364168 0:3 axmem::area:62] [32mstart: VA:0x3fa00000, size: 400000,  page start: VA:0xffffffc0bc193000[m
[m[37m[  5.370328 0:3 axmem:343] [36mallocating [0x3fa00000, 0x3fe00000) to [0x3fa00000, 0x3fe00000) flag: MappingFlags(READ | WRITE | USER)[m
[m[37m[  5.376805 0:3 axprocess::loader:98] [32m[new region] user heap: [VA:0x3fa00000, VA:0x3fe00000)[m
[m[37m[  5.383273 0:3 axprocess::loader:105] [32m[new region] user stack: [VA:0x3fe00000, VA:0x40000000)[m
[m[37m[  5.513410 0:3 axmem::area:62] [32mstart: VA:0x3fe00000, size: 200000,  page start: VA:0xffffffc0bc595000[m
[m[37m[  5.518542 0:3 axmem:343] [36mallocating [0x3fe00000, 0x40000000) to [0x3fe00000, 0x40000000) flag: MappingFlags(READ | WRITE | USER)[m
[m[37m[  5.531360 0:3 axtask::task:470] [36mnew task: Task(6, "busybox")[m
[m[37m[  5.556740 0:3 axtask::run_queue:46] [36mtask spawn: Task(6, "busybox")[m
[m[37m[  5.561600 0:3 syscall_entry::test:406] [32m --------------- load testcase: ["busybox", "ls"] --------------- [m
[m[37m[  5.569263 0:3 axtask::run_queue:62] [36mtask yield: Task(3, "main")[m
[m[37m[  5.578302 0:4 axtask::run_queue:134] [36mtask block: Task(4, "gc")[m
[m[37m[  5.598569 0:6 syscall_entry::syscall:41] [32msyscall: 96 -> 6[m
[m[37m[  5.606169 0:6 syscall_entry::syscall:41] [32msyscall: 174 -> 0[m
[m[37m[  5.614919 0:6 syscall_entry::syscall:41] [32msyscall: 113 -> 0[m
[m[37m[  5.620820 0:6 syscall_fs::imp::ctl:335] [32mfd: 0, request: 21523, argp: 1073740600[m
[m[37m[  5.626090 0:6 syscall_entry::syscall:41] [32msyscall: 29 -> 0[m
[m[37m[  5.638279 0:6 syscall_fs::imp::ctl:335] [32mfd: 1, request: 21523, argp: 1073740664[m
[m[37m[  5.642939 0:6 syscall_entry::syscall:41] [32msyscall: 29 -> 0[m
[m[37m[  5.646984 0:6 syscall_fs::imp::ctl:335] [32mfd: 1, request: 21523, argp: 1073740664[m
[m[37m[  5.651466 0:6 syscall_entry::syscall:41] [32msyscall: 29 -> 0[m
[m[37m[  5.657355 0:6 syscall_entry::syscall:41] [32msyscall: 214 -> 1067450368[m
[m[37m[  5.662954 0:6 syscall_mem::imp:51] [36mmmap start=0 len=1000 prot=[MMAPPROT(
    PROT_READ | PROT_WRITE,
)] flags=[MMAPFlags(
    MAP_PRIVATE | MAP_ANONYMOUS,
)] fd=-1 offset=0[m
[m[37m[  5.679822 0:6 axmem:468] [32m[mmap] vaddr: [VA:0x0, VA:0x1000), MappingFlags(READ | WRITE | USER), fixed: false, backend: false[m
[m[37m[  5.690594 0:6 axmem:486] [32mfind free area[m
[m[37m[  5.696599 0:6 axmem:491] [32mfound area [VA:0x1000, VA:0x2000)[m
[m[37m[  5.701076 0:6 axmem:343] [36mallocating [0x1000, 0x2000) to [0x1000, 0x2000) flag: MappingFlags(READ | WRITE | USER)[m
[m[37m[  5.706265 0:6 axmem:500] [36m[mmap] return addr: 0x1000[m
[m[37m[  5.714709 0:6 syscall_mem::imp:100] [36mmmap: 0x1000[m
[m[37m[  5.717454 0:6 syscall_entry::syscall:41] [32msyscall: 222 -> 4096[m
[m[37m[  5.722580 0:6 axprocess::api:190] [36m'page fault' addr: VA:0x1010, flags: MappingFlags(WRITE | USER)[m
[m[37m[  5.728519 0:6 axprocess::api:192] [36mmemory token : 3154317312[m
[m[37m[  5.735811 0:6 axmem::area:124] [36mpage index 0[m
[m[37m[  5.739465 0:6 axmem::area:129] [36mnew phys page virtual (offset) address VA:0xffffffc0bc796000[m
[m[37m[  5.759752 0:6 syscall_fs::imp::stat:49] [32mpath : /[m
[m[37m[  5.767577 0:6 syscall_fs::ctype::dir:79] [36mInto function new_dir, dir_path: /[m
[m[37m[  5.771111 0:6 axfs::root:81] [36mlookup at root: /[m
[m[37m[  5.775295 0:6 axfs::fs::fatfs:156] [36mlookup at fatfs: [m
[m[37m[  5.780491 0:6 syscall_entry::syscall:41] [32msyscall: 79 -> 0[m
[m[37m[  5.793643 0:6 syscall_fs::imp::io:305] [36mallocated fd_num: 3[m
[m[37m[  5.797359 0:6 syscall_fs::imp::io:308] [36mopen dir[m
[m[37m[  5.800189 0:6 syscall_fs::ctype::dir:79] [36mInto function new_dir, dir_path: /[m
[m[37m[  5.804447 0:6 axfs::root:81] [36mlookup at root: /[m
[m[37m[  5.806924 0:6 axfs::fs::fatfs:156] [36mlookup at fatfs: [m
[m[37m[  5.809858 0:6 syscall_fs::imp::io:310] [36mnew dir_desc successfully allocated: /[m
[m[37m[  5.815472 0:6 syscall_entry::syscall:41] [32msyscall: 56 -> 3[m
[m[37m[  5.819323 0:6 syscall_fs::imp::ctl:275] [32mfd: 3, cmd: 2[m
[m[37m[  5.823333 0:6 syscall_entry::syscall:41] [32msyscall: 25 -> -22[m
[m[37m[  5.830170 0:6 axprocess::link:317] [36mhandled_path: //[m
[m[37m[  5.835078 0:6 axmem:736] [36mallocating page at 1000[m
[m[37m[  5.839155 0:6 axfs::fops:261] [36mopen dir: /[m
[m[37m[  5.841437 0:6 axfs::root:81] [36mlookup at root: /[m
[m[37m[  5.844628 0:6 axfs::fs::fatfs:156] [36mlookup at fatfs: [m
[m[37m[  5.923338 0:6 syscall_fs::imp::ctl:165] [36mbuf not big enough[m
[m[37m[  5.926964 0:6 syscall_entry::syscall:41] [32msyscall: 61 -> 2022[m
[m[37m[  5.940876 0:6 syscall_fs::imp::stat:49] [32mpath : /arithoh[m
[m[37m[  5.945888 0:6 syscall_fs::ctype::file:185] [36mInto function new_fd, path: /arithoh[m
[m[37m[  5.949514 0:6 axfs::fops:117] [36mopen file: /arithoh READ[m
[m[37m[  5.952684 0:6 axfs::root:81] [36mlookup at root: /arithoh[m
[m[37m[  5.955698 0:6 axfs::fs::fatfs:156] [36mlookup at fatfs: arithoh[m
[m[37m[  5.967585 0:6 syscall_entry::syscall:41] [32msyscall: 79 -> 0[m
[m[37m[  5.971187 0:6 syscall_fs::imp::stat:49] [32mpath : /bin[m
[m[37m[  5.975092 0:6 syscall_fs::ctype::file:185] [36mInto function new_fd, path: /bin[m
[m[37m[  5.978531 0:6 axfs::fops:117] [36mopen file: /bin READ[m
[m[37m[  5.980753 0:6 axfs::root:81] [36mlookup at root: /bin[m
[m[37m[  5.984175 0:6 axfs::fs::fatfs:156] [36mlookup at fatfs: bin[m
[m[37m[  5.987460 0:6 fatfs::dir:140] [31mIs a directory[m
[m[37m[  5.990886 0:6 syscall_entry::syscall:41] [32msyscall: 79 -> 0[m
[m[37m[  5.994829 0:6 syscall_fs::imp::stat:49] [32mpath : /busybox[m
[m[37m[  5.997424 0:6 syscall_fs::ctype::file:185] [36mInto function new_fd, path: /busybox[m
[m[37m[  6.000539 0:6 axfs::fops:117] [36mopen file: /busybox READ[m
[m[37m[  6.005232 0:6 axfs::root:81] [36mlookup at root: /busybox[m
[m[37m[  6.007902 0:6 axfs::fs::fatfs:156] [36mlookup at fatfs: busybox[m
[m[37m[  6.043703 0:6 syscall_entry::syscall:41] [32msyscall: 79 -> 0[m
[m[37m[  6.047388 0:6 syscall_fs::imp::stat:49] [32mpath : /busybox_cmd.txt[m
[m[37m[  6.050226 0:6 syscall_fs::ctype::file:185] [36mInto function new_fd, path: /busybox_cmd.txt[m
[m[37m[  6.054509 0:6 axfs::fops:117] [36mopen file: /busybox_cmd.txt READ[m
[m[37m[  6.057403 0:6 axfs::root:81] [36mlookup at root: /busybox_cmd.txt[m
[m[37m[  6.060060 0:6 axfs::fs::fatfs:156] [36mlookup at fatfs: busybox_cmd.txt[m
[m[37m[  6.065352 0:6 syscall_entry::syscall:41] [32msyscall: 79 -> 0[m
[m[37m[  6.069159 0:6 syscall_fs::imp::stat:49] [32mpath : /busybox_testcode.sh[m
[m[37m[  6.072589 0:6 syscall_fs::ctype::file:185] [36mInto function new_fd, path: /busybox_testcode.sh[m
[m[37m[  6.076890 0:6 axfs::fops:117] [36mopen file: /busybox_testcode.sh READ[m
[m[37m[  6.079601 0:6 axfs::root:81] [36mlookup at root: /busybox_testcode.sh[m
[m[37m[  6.083082 0:6 axfs::fs::fatfs:156] [36mlookup at fatfs: busybox_testcode.sh[m
[m[37m[  6.088378 0:6 syscall_entry::syscall:41] [32msyscall: 79 -> 0[m
[m[37m[  6.091515 0:6 syscall_fs::imp::stat:49] [32mpath : /context1[m
[m[37m[  6.095219 0:6 syscall_fs::ctype::file:185] [36mInto function new_fd, path: /context1[m
[m[37m[  6.098639 0:6 axfs::fops:117] [36mopen file: /context1 READ[m
[m[37m[  6.101032 0:6 axfs::root:81] [36mlookup at root: /context1[m
[m[37m[  6.104309 0:6 axfs::fs::fatfs:156] [36mlookup at fatfs: context1[m
[m[37m[  6.112252 0:6 syscall_entry::syscall:41] [32msyscall: 79 -> 0[m
[m[37m[  6.115664 0:6 syscall_fs::imp::stat:49] [32mpath : /copy-file-range-test-1[m
[m[37m[  6.118778 0:6 syscall_fs::ctype::file:185] [36mInto function new_fd, path: /copy-file-range-test-1[m
[m[37m[  6.122906 0:6 axfs::fops:117] [36mopen file: /copy-file-range-test-1 READ[m
[m[37m[  6.125996 0:6 axfs::root:81] [36mlookup at root: /copy-file-range-test-1[m
[m[37m[  6.128867 0:6 axfs::fs::fatfs:156] [36mlookup at fatfs: copy-file-range-test-1[m
[m[37m[  6.135889 0:6 syscall_entry::syscall:41] [32msyscall: 79 -> 0[m
[m[37m[  6.138903 0:6 syscall_fs::imp::stat:49] [32mpath : /copy-file-range-test-2[m
[m[37m[  6.142327 0:6 syscall_fs::ctype::file:185] [36mInto function new_fd, path: /copy-file-range-test-2[m
[m[37m[  6.146385 0:6 axfs::fops:117] [36mopen file: /copy-file-range-test-2 READ[m
[m[37m[  6.149212 0:6 axfs::root:81] [36mlookup at root: /copy-file-range-test-2[m
[m[37m[  6.152497 0:6 axfs::fs::fatfs:156] [36mlookup at fatfs: copy-file-range-test-2[m
[m[37m[  6.159815 0:6 syscall_entry::syscall:41] [32msyscall: 79 -> 0[m
[m[37m[  6.164052 0:6 syscall_fs::imp::stat:49] [32mpath : /copy-file-range-test-3[m
[m[37m[  6.167099 0:6 syscall_fs::ctype::file:185] [36mInto function new_fd, path: /copy-file-range-test-3[m
[m[37m[  6.170670 0:6 axfs::fops:117] [36mopen file: /copy-file-range-test-3 READ[m
[m[37m[  6.174925 0:6 axfs::root:81] [36mlookup at root: /copy-file-range-test-3[m
[m[37m[  6.178087 0:6 axfs::fs::fatfs:156] [36mlookup at fatfs: copy-file-range-test-3[m
[m[37m[  6.186024 0:6 syscall_entry::syscall:41] [32msyscall: 79 -> 0[m
[m[37m[  6.189074 0:6 syscall_mem::imp:51] [36mmmap start=0 len=1000 prot=[MMAPPROT(
    PROT_READ | PROT_WRITE,
)] flags=[MMAPFlags(
    MAP_PRIVATE | MAP_ANONYMOUS,
)] fd=-1 offset=0[m
[m[37m[  6.197050 0:6 axmem:468] [32m[mmap] vaddr: [VA:0x0, VA:0x1000), MappingFlags(READ | WRITE | USER), fixed: false, backend: false[m
[m[37m[  6.202517 0:6 axmem:486] [32mfind free area[m
[m[37m[  6.205001 0:6 axmem:491] [32mfound area [VA:0x2000, VA:0x3000)[m
[m[37m[  6.207687 0:6 axmem:343] [36mallocating [0x2000, 0x3000) to [0x2000, 0x3000) flag: MappingFlags(READ | WRITE | USER)[m
[m[37m[  6.212198 0:6 axmem:500] [36m[mmap] return addr: 0x2000[m
[m[37m[  6.223925 0:6 syscall_mem::imp:100] [36mmmap: 0x2000[m
[m[37m[  6.226465 0:6 syscall_entry::syscall:41] [32msyscall: 222 -> 8192[m
[m[37m[  6.229342 0:6 axprocess::api:190] [36m'page fault' addr: VA:0x2ff0, flags: MappingFlags(WRITE | USER)[m
[m[37m[  6.234024 0:6 axprocess::api:192] [36mmemory token : 3154317312[m
[m[37m[  6.237549 0:6 axmem::area:124] [36mpage index 0[m
[m[37m[  6.240223 0:6 axmem::area:129] [36mnew phys page virtual (offset) address VA:0xffffffc0bc797000[m
[m[37m[  6.263094 0:6 syscall_fs::imp::stat:49] [32mpath : /copy-file-range-test-4[m
[m[37m[  6.266369 0:6 syscall_fs::ctype::file:185] [36mInto function new_fd, path: /copy-file-range-test-4[m
[m[37m[  6.270091 0:6 axfs::fops:117] [36mopen file: /copy-file-range-test-4 READ[m
[m[37m[  6.273956 0:6 axfs::root:81] [36mlookup at root: /copy-file-range-test-4[m
[m[37m[  6.277471 0:6 axfs::fs::fatfs:156] [36mlookup at fatfs: copy-file-range-test-4[m
[m[37m[  6.286397 0:6 syscall_entry::syscall:41] [32msyscall: 79 -> 0[m
[m[37m[  6.289663 0:6 syscall_fs::imp::stat:49] [32mpath : /cyclictest[m
[m[37m[  6.292381 0:6 syscall_fs::ctype::file:185] [36mInto function new_fd, path: /cyclictest[m
[m[37m[  6.297335 0:6 axfs::fops:117] [36mopen file: /cyclictest READ[m
[m[37m[  6.300451 0:6 axfs::root:81] [36mlookup at root: /cyclictest[m
[m[37m[  6.302985 0:6 axfs::fs::fatfs:156] [36mlookup at fatfs: cyclictest[m
[m[37m[  6.317904 0:6 syscall_entry::syscall:41] [32msyscall: 79 -> 0[m
[m[37m[  6.320931 0:6 syscall_fs::imp::stat:49] [32mpath : /cyclictest_testcode.sh[m
[m[37m[  6.325079 0:6 syscall_fs::ctype::file:185] [36mInto function new_fd, path: /cyclictest_testcode.sh[m
[m[37m[  6.329782 0:6 axfs::fops:117] [36mopen file: /cyclictest_testcode.sh READ[m
[m[37m[  6.332667 0:6 axfs::root:81] [36mlookup at root: /cyclictest_testcode.sh[m
[m[37m[  6.337140 0:6 axfs::fs::fatfs:156] [36mlookup at fatfs: cyclictest_testcode.sh[m
[m[37m[  6.345948 0:6 syscall_entry::syscall:41] [32msyscall: 79 -> 0[m
[m[37m[  6.349039 0:6 syscall_fs::imp::stat:49] [32mpath : /date.lua[m
[m[37m[  6.351700 0:6 syscall_fs::ctype::file:185] [36mInto function new_fd, path: /date.lua[m
[m[37m[  6.356159 0:6 axfs::fops:117] [36mopen file: /date.lua READ[m
[m[37m[  6.358855 0:6 axfs::root:81] [36mlookup at root: /date.lua[m
[m[37m[  6.361327 0:6 axfs::fs::fatfs:156] [36mlookup at fatfs: date.lua[m
[m[37m[  6.369974 0:6 syscall_entry::syscall:41] [32msyscall: 79 -> 0[m
[m[37m[  6.375492 0:6 syscall_fs::imp::stat:49] [32mpath : /dhry2[m
[m[37m[  6.378138 0:6 syscall_fs::ctype::file:185] [36mInto function new_fd, path: /dhry2[m
[m[37m[  6.381702 0:6 axfs::fops:117] [36mopen file: /dhry2 READ[m
[m[37m[  6.384982 0:6 axfs::root:81] [36mlookup at root: /dhry2[m
[m[37m[  6.387957 0:6 axfs::fs::fatfs:156] [36mlookup at fatfs: dhry2[m
[m[37m[  6.399081 0:6 syscall_entry::syscall:41] [32msyscall: 79 -> 0[m
[m[37m[  6.402465 0:6 syscall_fs::imp::stat:49] [32mpath : /dhry2reg[m
[m[37m[  6.405409 0:6 syscall_fs::ctype::file:185] [36mInto function new_fd, path: /dhry2reg[m
[m[37m[  6.408660 0:6 axfs::fops:117] [36mopen file: /dhry2reg READ[m
[m[37m[  6.411106 0:6 axfs::root:81] [36mlookup at root: /dhry2reg[m
[m[37m[  6.414356 0:6 axfs::fs::fatfs:156] [36mlookup at fatfs: dhry2reg[m
[m[37m[  6.426507 0:6 syscall_entry::syscall:41] [32msyscall: 79 -> 0[m
[m[37m[  6.429784 0:6 syscall_fs::imp::stat:49] [32mpath : /dlopen_dso.so[m
[m[37m[  6.433313 0:6 syscall_fs::ctype::file:185] [36mInto function new_fd, path: /dlopen_dso.so[m
[m[37m[  6.437257 0:6 axfs::fops:117] [36mopen file: /dlopen_dso.so READ[m
[m[37m[  6.439788 0:6 axfs::root:81] [36mlookup at root: /dlopen_dso.so[m
[m[37m[  6.443258 0:6 axfs::fs::fatfs:156] [36mlookup at fatfs: dlopen_dso.so[m
[m[37m[  6.452649 0:6 syscall_entry::syscall:41] [32msyscall: 79 -> 0[m
[m[37m[  6.455649 0:6 syscall_fs::imp::stat:49] [32mpath : /double[m
[m[37m[  6.458275 0:6 syscall_fs::ctype::file:185] [36mInto function new_fd, path: /double[m
[m[37m[  6.461358 0:6 axfs::fops:117] [36mopen file: /double READ[m
[m[37m[  6.464581 0:6 axfs::root:81] [36mlookup at root: /double[m
[m[37m[  6.467289 0:6 axfs::fs::fatfs:156] [36mlookup at fatfs: double[m
[m[37m[  6.479031 0:6 syscall_entry::syscall:41] [32msyscall: 79 -> 0[m
[m[37m[  6.482055 0:6 syscall_fs::imp::stat:49] [32mpath : /entry-dynamic.exe[m
[m[37m[  6.488632 0:6 syscall_fs::ctype::file:185] [36mInto function new_fd, path: /entry-dynamic.exe[m
[m[37m[  6.492879 0:6 axfs::fops:117] [36mopen file: /entry-dynamic.exe READ[m
[m[37m[  6.495862 0:6 axfs::root:81] [36mlookup at root: /entry-dynamic.exe[m
[m[37m[  6.498636 0:6 axfs::fs::fatfs:156] [36mlookup at fatfs: entry-dynamic.exe[m
[m[37m[  6.517000 0:6 syscall_entry::syscall:41] [32msyscall: 79 -> 0[m
[m[37m[  6.520102 0:6 syscall_fs::imp::stat:49] [32mpath : /entry-static.exe[m
[m[37m[  6.523572 0:6 syscall_fs::ctype::file:185] [36mInto function new_fd, path: /entry-static.exe[m
[m[37m[  6.527652 0:6 axfs::fops:117] [36mopen file: /entry-static.exe READ[m
[m[37m[  6.530351 0:6 axfs::root:81] [36mlookup at root: /entry-static.exe[m
[m[37m[  6.533882 0:6 axfs::fs::fatfs:156] [36mlookup at fatfs: entry-static.exe[m
[m[37m[  6.563409 0:6 syscall_entry::syscall:41] [32msyscall: 79 -> 0[m
[m[37m[  6.566477 0:6 syscall_fs::imp::stat:49] [32mpath : /execl[m
[m[37m[  6.569035 0:6 syscall_fs::ctype::file:185] [36mInto function new_fd, path: /execl[m
[m[37m[  6.572483 0:6 axfs::fops:117] [36mopen file: /execl READ[m
[m[37m[  6.575417 0:6 axfs::root:81] [36mlookup at root: /execl[m
[m[37m[  6.577845 0:6 axfs::fs::fatfs:156] [36mlookup at fatfs: execl[m
[m[37m[  6.593428 0:6 syscall_entry::syscall:41] [32msyscall: 79 -> 0[m
[m[37m[  6.596519 0:6 syscall_fs::imp::stat:49] [32mpath : /file_io.lua[m
[m[37m[  6.599271 0:6 syscall_fs::ctype::file:185] [36mInto function new_fd, path: /file_io.lua[m
[m[37m[  6.603064 0:6 axfs::fops:117] [36mopen file: /file_io.lua READ[m
[m[37m[  6.606549 0:6 axfs::root:81] [36mlookup at root: /file_io.lua[m
[m[37m[  6.609208 0:6 axfs::fs::fatfs:156] [36mlookup at fatfs: file_io.lua[m
[m[37m[  6.620252 0:6 syscall_entry::syscall:41] [32msyscall: 79 -> 0[m
[m[37m[  6.623897 0:6 syscall_fs::imp::stat:49] [32mpath : /float[m
[m[37m[  6.626476 0:6 syscall_fs::ctype::file:185] [36mInto function new_fd, path: /float[m
[m[37m[  6.629608 0:6 axfs::fops:117] [36mopen file: /float READ[m
[m[37m[  6.631940 0:6 axfs::root:81] [36mlookup at root: /float[m
[m[37m[  6.638243 0:6 axfs::fs::fatfs:156] [36mlookup at fatfs: float[m
[m[37m[  6.652405 0:6 syscall_entry::syscall:41] [32msyscall: 79 -> 0[m
[m[37m[  6.655561 0:6 syscall_fs::imp::stat:49] [32mpath : /fstime[m
[m[37m[  6.658337 0:6 syscall_fs::ctype::file:185] [36mInto function new_fd, path: /fstime[m
[m[37m[  6.661484 0:6 axfs::fops:117] [36mopen file: /fstime READ[m
[m[37m[  6.665328 0:6 axfs::root:81] [36mlookup at root: /fstime[m
[m[37m[  6.668610 0:6 axfs::fs::fatfs:156] [36mlookup at fatfs: fstime[m
[m[37m[  6.683321 0:6 syscall_entry::syscall:41] [32msyscall: 79 -> 0[m
[m[37m[  6.686775 0:6 syscall_fs::imp::stat:49] [32mpath : /hackbench[m
[m[37m[  6.689660 0:6 syscall_fs::ctype::file:185] [36mInto function new_fd, path: /hackbench[m
[m[37m[  6.693521 0:6 axfs::fops:117] [36mopen file: /hackbench READ[m
[m[37m[  6.696368 0:6 axfs::root:81] [36mlookup at root: /hackbench[m
[m[37m[  6.698890 0:6 axfs::fs::fatfs:156] [36mlookup at fatfs: hackbench[m
[m[37m[  6.714462 0:6 syscall_entry::syscall:41] [32msyscall: 79 -> 0[m
[m[37m[  6.717517 0:6 syscall_fs::imp::stat:49] [32mpath : /hanoi[m
[m[37m[  6.720277 0:6 syscall_fs::ctype::file:185] [36mInto function new_fd, path: /hanoi[m
[m[37m[  6.724554 0:6 axfs::fops:117] [36mopen file: /hanoi READ[m
[m[37m[  6.727993 0:6 axfs::root:81] [36mlookup at root: /hanoi[m
[m[37m[  6.730424 0:6 axfs::fs::fatfs:156] [36mlookup at fatfs: hanoi[m
[m[37m[  6.746514 0:6 syscall_entry::syscall:41] [32msyscall: 79 -> 0[m
[m[37m[  6.749862 0:6 syscall_fs::imp::stat:49] [32mpath : /hello[m
[m[37m[  6.752611 0:6 syscall_fs::ctype::file:185] [36mInto function new_fd, path: /hello[m
[m[37m[  6.757865 0:6 axfs::fops:117] [36mopen file: /hello READ[m
[m[37m[  6.760878 0:6 axfs::root:81] [36mlookup at root: /hello[m
[m[37m[  6.764131 0:6 axfs::fs::fatfs:156] [36mlookup at fatfs: hello[m
[m[37m[  6.780762 0:6 syscall_entry::syscall:41] [32msyscall: 79 -> 0[m
[m[37m[  6.784839 0:6 syscall_fs::imp::stat:49] [32mpath : /int[m
[m[37m[  6.788276 0:6 syscall_fs::ctype::file:185] [36mInto function new_fd, path: /int[m
[m[37m[  6.791361 0:6 axfs::fops:117] [36mopen file: /int READ[m
[m[37m[  6.794678 0:6 axfs::root:81] [36mlookup at root: /int[m
[m[37m[  6.797993 0:6 axfs::fs::fatfs:156] [36mlookup at fatfs: int[m
[m[37m[  6.813737 0:6 syscall_entry::syscall:41] [32msyscall: 79 -> 0[m
[m[37m[  6.816894 0:6 syscall_fs::imp::stat:49] [32mpath : /interrupts-test-1[m
[m[37m[  6.819899 0:6 syscall_fs::ctype::file:185] [36mInto function new_fd, path: /interrupts-test-1[m
[m[37m[  6.824236 0:6 axfs::fops:117] [36mopen file: /interrupts-test-1 READ[m
[m[37m[  6.827310 0:6 axfs::root:81] [36mlookup at root: /interrupts-test-1[m
[m[37m[  6.830258 0:6 axfs::fs::fatfs:156] [36mlookup at fatfs: interrupts-test-1[m
[m[37m[  6.845371 0:6 syscall_entry::syscall:41] [32msyscall: 79 -> 0[m
[m[37m[  6.848519 0:6 syscall_fs::imp::stat:49] [32mpath : /interrupts-test-2[m
[m[37m[  6.851529 0:6 syscall_fs::ctype::file:185] [36mInto function new_fd, path: /interrupts-test-2[m
[m[37m[  6.857036 0:6 axfs::fops:117] [36mopen file: /interrupts-test-2 READ[m
[m[37m[  6.860326 0:6 axfs::root:81] [36mlookup at root: /interrupts-test-2[m
[m[37m[  6.863726 0:6 axfs::fs::fatfs:156] [36mlookup at fatfs: interrupts-test-2[m
[m[37m[  6.879402 0:6 syscall_entry::syscall:41] [32msyscall: 79 -> 0[m
[m[37m[  6.882849 0:6 syscall_fs::imp::stat:49] [32mpath : /iozone[m
[m[37m[  6.885529 0:6 syscall_fs::ctype::file:185] [36mInto function new_fd, path: /iozone[m
[m[37m[  6.888780 0:6 axfs::fops:117] [36mopen file: /iozone READ[m
[m[37m[  6.891213 0:6 axfs::root:81] [36mlookup at root: /iozone[m
[m[37m[  6.894460 0:6 axfs::fs::fatfs:156] [36mlookup at fatfs: iozone[m
[m[37m[  6.917817 0:6 syscall_entry::syscall:41] [32msyscall: 79 -> 0[m
[m[37m[  6.920917 0:6 syscall_fs::imp::stat:49] [32mpath : /iozone_testcode.sh[m
[m[37m[  6.924764 0:6 syscall_fs::ctype::file:185] [36mInto function new_fd, path: /iozone_testcode.sh[m
[m[37m[  6.928608 0:6 axfs::fops:117] [36mopen file: /iozone_testcode.sh READ[m
[m[37m[  6.931407 0:6 axfs::root:81] [36mlookup at root: /iozone_testcode.sh[m
[m[37m[  6.935465 0:6 axfs::fs::fatfs:156] [36mlookup at fatfs: iozone_testcode.sh[m
[m[37m[  6.954728 0:6 syscall_entry::syscall:41] [32msyscall: 79 -> 0[m
[m[37m[  6.957800 0:6 syscall_fs::imp::stat:49] [32mpath : /iperf3[m
[m[37m[  6.960395 0:6 syscall_fs::ctype::file:185] [36mInto function new_fd, path: /iperf3[m
[m[37m[  6.964497 0:6 axfs::fops:117] [36mopen file: /iperf3 READ[m
[m[37m[  6.967299 0:6 axfs::root:81] [36mlookup at root: /iperf3[m
[m[37m[  6.969719 0:6 axfs::fs::fatfs:156] [36mlookup at fatfs: iperf3[m
[m[37m[  7.004383 0:6 syscall_entry::syscall:41] [32msyscall: 79 -> 0[m
[m[37m[  7.007494 0:6 syscall_fs::imp::stat:49] [32mpath : /iperf_testcode.sh[m
[m[37m[  7.010562 0:6 syscall_fs::ctype::file:185] [36mInto function new_fd, path: /iperf_testcode.sh[m
[m[37m[  7.015125 0:6 axfs::fops:117] [36mopen file: /iperf_testcode.sh READ[m
[m[37m[  7.018103 0:6 axfs::root:81] [36mlookup at root: /iperf_testcode.sh[m
[m[37m[  7.020852 0:6 axfs::fs::fatfs:156] [36mlookup at fatfs: iperf_testcode.sh[m
[m[37m[  7.037483 0:6 syscall_entry::syscall:41] [32msyscall: 79 -> 0[m
[m[37m[  7.040690 0:6 syscall_fs::imp::stat:49] [32mpath : /libc-bench[m
[m[37m[  7.044135 0:6 syscall_fs::ctype::file:185] [36mInto function new_fd, path: /libc-bench[m
[m[37m[  7.047848 0:6 axfs::fops:117] [36mopen file: /libc-bench READ[m
[m[37m[  7.050720 0:6 axfs::root:81] [36mlookup at root: /libc-bench[m
[m[37m[  7.054629 0:6 axfs::fs::fatfs:156] [36mlookup at fatfs: libc-bench[m
[m[37m[  7.072741 0:6 syscall_entry::syscall:41] [32msyscall: 79 -> 0[m
[m[37m[  7.075806 0:6 syscall_mem::imp:51] [36mmmap start=0 len=2000 prot=[MMAPPROT(
    PROT_READ | PROT_WRITE,
)] flags=[MMAPFlags(
    MAP_PRIVATE | MAP_ANONYMOUS,
)] fd=-1 offset=0[m
[m[37m[  7.082054 0:6 axmem:468] [32m[mmap] vaddr: [VA:0x0, VA:0x2000), MappingFlags(READ | WRITE | USER), fixed: false, backend: false[m
[m[37m[  7.088368 0:6 axmem:486] [32mfind free area[m
[m[37m[  7.090600 0:6 axmem:491] [32mfound area [VA:0x3000, VA:0x5000)[m
[m[37m[  7.096068 0:6 axmem:343] [36mallocating [0x3000, 0x5000) to [0x3000, 0x5000) flag: MappingFlags(READ | WRITE | USER)[m
[m[37m[  7.100464 0:6 axmem:500] [36m[mmap] return addr: 0x3000[m
[m[37m[  7.136798 0:6 syscall_mem::imp:100] [36mmmap: 0x3000[m
[m[37m[  7.139876 0:6 syscall_entry::syscall:41] [32msyscall: 222 -> 12288[m
[m[37m[  7.142641 0:6 axprocess::api:190] [36m'page fault' addr: VA:0x4ff0, flags: MappingFlags(WRITE | USER)[m
[m[37m[  7.146420 0:6 axprocess::api:192] [36mmemory token : 3154317312[m
[m[37m[  7.149717 0:6 axmem::area:124] [36mpage index 1[m
[m[37m[  7.152378 0:6 axmem::area:129] [36mnew phys page virtual (offset) address VA:0xffffffc0bc798000[m
[m[37m[  7.165269 0:6 axprocess::api:190] [36m'page fault' addr: VA:0x3010, flags: MappingFlags(WRITE | USER)[m
[m[37m[  7.169932 0:6 axprocess::api:192] [36mmemory token : 3154317312[m
[m[37m[  7.172285 0:6 axmem::area:124] [36mpage index 0[m
[m[37m[  7.174216 0:6 axmem::area:129] [36mnew phys page virtual (offset) address VA:0xffffffc0bc799000[m
[m[37m[  7.182354 0:6 syscall_fs::imp::stat:49] [32mpath : /libc.so[m
[m[37m[  7.184936 0:6 syscall_fs::ctype::file:185] [36mInto function new_fd, path: /libc.so[m
[m[37m[  7.189193 0:6 axfs::fops:117] [36mopen file: /libc.so READ[m
[m[37m[  7.191822 0:6 axfs::root:81] [36mlookup at root: /libc.so[m
[m[37m[  7.194101 0:6 axfs::fs::fatfs:156] [36mlookup at fatfs: libc.so[m
[m[37m[  7.235682 0:6 syscall_entry::syscall:41] [32msyscall: 79 -> 0[m
[m[37m[  7.238599 0:6 syscall_fs::imp::stat:49] [32mpath : /libctest_testcode.sh[m
[m[37m[  7.241380 0:6 syscall_fs::ctype::file:185] [36mInto function new_fd, path: /libctest_testcode.sh[m
[m[37m[  7.244658 0:6 axfs::fops:117] [36mopen file: /libctest_testcode.sh READ[m
[m[37m[  7.248809 0:6 axfs::root:81] [36mlookup at root: /libctest_testcode.sh[m
[m[37m[  7.251836 0:6 axfs::fs::fatfs:156] [36mlookup at fatfs: libctest_testcode.sh[m
[m[37m[  7.268570 0:6 syscall_entry::syscall:41] [32msyscall: 79 -> 0[m
[m[37m[  7.271473 0:6 syscall_fs::imp::stat:49] [32mpath : /lmbench_all[m
[m[37m[  7.273992 0:6 syscall_fs::ctype::file:185] [36mInto function new_fd, path: /lmbench_all[m
[m[37m[  7.281067 0:6 axfs::fops:117] [36mopen file: /lmbench_all READ[m
[m[37m[  7.283800 0:6 axfs::root:81] [36mlookup at root: /lmbench_all[m
[m[37m[  7.287065 0:6 axfs::fs::fatfs:156] [36mlookup at fatfs: lmbench_all[m
[m[37m[  7.325131 0:6 syscall_entry::syscall:41] [32msyscall: 79 -> 0[m
[m[37m[  7.330420 0:6 syscall_fs::imp::stat:49] [32mpath : /lmbench_testcode.sh[m
[m[37m[  7.333196 0:6 syscall_fs::ctype::file:185] [36mInto function new_fd, path: /lmbench_testcode.sh[m
[m[37m[  7.337433 0:6 axfs::fops:117] [36mopen file: /lmbench_testcode.sh READ[m
[m[37m[  7.340360 0:6 axfs::root:81] [36mlookup at root: /lmbench_testcode.sh[m
[m[37m[  7.343002 0:6 axfs::fs::fatfs:156] [36mlookup at fatfs: lmbench_testcode.sh[m
[m[37m[  7.361151 0:6 syscall_entry::syscall:41] [32msyscall: 79 -> 0[m
[m[37m[  7.364225 0:6 syscall_fs::imp::stat:49] [32mpath : /long[m
[m[37m[  7.367640 0:6 syscall_fs::ctype::file:185] [36mInto function new_fd, path: /long[m
[m[37m[  7.371245 0:6 axfs::fops:117] [36mopen file: /long READ[m
[m[37m[  7.373445 0:6 axfs::root:81] [36mlookup at root: /long[m
[m[37m[  7.377490 0:6 axfs::fs::fatfs:156] [36mlookup at fatfs: long[m
[m[37m[  7.397122 0:6 syscall_entry::syscall:41] [32msyscall: 79 -> 0[m
[m[37m[  7.400028 0:6 syscall_fs::imp::stat:49] [32mpath : /looper[m
[m[37m[  7.402410 0:6 syscall_fs::ctype::file:185] [36mInto function new_fd, path: /looper[m
[m[37m[  7.405312 0:6 axfs::fops:117] [36mopen file: /looper READ[m
[m[37m[  7.408791 0:6 axfs::root:81] [36mlookup at root: /looper[m
[m[37m[  7.411887 0:6 axfs::fs::fatfs:156] [36mlookup at fatfs: looper[m
[m[37m[  7.432318 0:6 syscall_entry::syscall:41] [32msyscall: 79 -> 0[m
[m[37m[  7.435230 0:6 syscall_fs::imp::stat:49] [32mpath : /lua[m
[m[37m[  7.438841 0:6 syscall_fs::ctype::file:185] [36mInto function new_fd, path: /lua[m
[m[37m[  7.442560 0:6 axfs::fops:117] [36mopen file: /lua READ[m
[m[37m[  7.444782 0:6 axfs::root:81] [36mlookup at root: /lua[m
[m[37m[  7.447957 0:6 axfs::fs::fatfs:156] [36mlookup at fatfs: lua[m
[m[37m[  7.473804 0:6 syscall_entry::syscall:41] [32msyscall: 79 -> 0[m
[m[37m[  7.479634 0:6 syscall_fs::imp::stat:49] [32mpath : /lua_testcode.sh[m
[m[37m[  7.482348 0:6 syscall_fs::ctype::file:185] [36mInto function new_fd, path: /lua_testcode.sh[m
[m[37m[  7.487313 0:6 axfs::fops:117] [36mopen file: /lua_testcode.sh READ[m
[m[37m[  7.490204 0:6 axfs::root:81] [36mlookup at root: /lua_testcode.sh[m
[m[37m[  7.492733 0:6 axfs::fs::fatfs:156] [36mlookup at fatfs: lua_testcode.sh[m
[m[37m[  7.511942 0:6 syscall_entry::syscall:41] [32msyscall: 79 -> 0[m
[m[37m[  7.514849 0:6 syscall_fs::imp::stat:49] [32mpath : /main[m
[m[37m[  7.518750 0:6 syscall_fs::ctype::file:185] [36mInto function new_fd, path: /main[m
[m[37m[  7.522221 0:6 axfs::fops:117] [36mopen file: /main READ[m
[m[37m[  7.524479 0:6 axfs::root:81] [36mlookup at root: /main[m
[m[37m[  7.527714 0:6 axfs::fs::fatfs:156] [36mlookup at fatfs: main[m
[m[37m[  7.552268 0:6 syscall_entry::syscall:41] [32msyscall: 79 -> 0[m
[m[37m[  7.555578 0:6 syscall_fs::imp::stat:49] [32mpath : /max_min.lua[m
[m[37m[  7.559762 0:6 syscall_fs::ctype::file:185] [36mInto function new_fd, path: /max_min.lua[m
[m[37m[  7.563787 0:6 axfs::fops:117] [36mopen file: /max_min.lua READ[m
[m[37m[  7.567288 0:6 axfs::root:81] [36mlookup at root: /max_min.lua[m
[m[37m[  7.570202 0:6 axfs::fs::fatfs:156] [36mlookup at fatfs: max_min.lua[m
[m[37m[  7.590716 0:6 syscall_entry::syscall:41] [32msyscall: 79 -> 0[m
[m[37m[  7.593883 0:6 syscall_fs::imp::stat:49] [32mpath : /multi.sh[m
[m[37m[  7.597910 0:6 syscall_fs::ctype::file:185] [36mInto function new_fd, path: /multi.sh[m
[m[37m[  7.601933 0:6 axfs::fops:117] [36mopen file: /multi.sh READ[m
[m[37m[  7.604584 0:6 axfs::root:81] [36mlookup at root: /multi.sh[m
[m[37m[  7.608165 0:6 axfs::fs::fatfs:156] [36mlookup at fatfs: multi.sh[m
[m[37m[  7.630013 0:6 syscall_entry::syscall:41] [32msyscall: 79 -> 0[m
[m[37m[  7.633263 0:6 syscall_fs::imp::stat:49] [32mpath : /netperf[m
[m[37m[  7.636865 0:6 syscall_fs::ctype::file:185] [36mInto function new_fd, path: /netperf[m
[m[37m[  7.640357 0:6 axfs::fops:117] [36mopen file: /netperf READ[m
[m[37m[  7.642685 0:6 axfs::root:81] [36mlookup at root: /netperf[m
[m[37m[  7.645051 0:6 axfs::fs::fatfs:156] [36mlookup at fatfs: netperf[m
[m[37m[  7.679098 0:6 syscall_entry::syscall:41] [32msyscall: 79 -> 0[m
[m[37m[  7.682687 0:6 syscall_fs::imp::stat:49] [32mpath : /netperf_testcode.sh[m
[m[37m[  7.686144 0:6 syscall_fs::ctype::file:185] [36mInto function new_fd, path: /netperf_testcode.sh[m
[m[37m[  7.689895 0:6 axfs::fops:117] [36mopen file: /netperf_testcode.sh READ[m
[m[37m[  7.692660 0:6 axfs::root:81] [36mlookup at root: /netperf_testcode.sh[m
[m[37m[  7.696084 0:6 axfs::fs::fatfs:156] [36mlookup at fatfs: netperf_testcode.sh[m
[m[37m[  7.718052 0:6 syscall_entry::syscall:41] [32msyscall: 79 -> 0[m
[m[37m[  7.721470 0:6 syscall_fs::imp::stat:49] [32mpath : /netserver[m
[m[37m[  7.724087 0:6 syscall_fs::ctype::file:185] [36mInto function new_fd, path: /netserver[m
[m[37m[  7.728344 0:6 axfs::fops:117] [36mopen file: /netserver READ[m
[m[37m[  7.731570 0:6 axfs::root:81] [36mlookup at root: /netserver[m
[m[37m[  7.734192 0:6 axfs::fs::fatfs:156] [36mlookup at fatfs: netserver[m
[m[37m[  7.768858 0:6 syscall_entry::syscall:41] [32msyscall: 79 -> 0[m
[m[37m[  7.772423 0:6 syscall_fs::imp::stat:49] [32mpath : /pipe[m
[m[37m[  7.775219 0:6 syscall_fs::ctype::file:185] [36mInto function new_fd, path: /pipe[m
[m[37m[  7.781723 0:6 axfs::fops:117] [36mopen file: /pipe READ[m
[m[37m[  7.787333 0:6 axfs::root:81] [36mlookup at root: /pipe[m
[m[37m[  7.789863 0:6 axfs::fs::fatfs:156] [36mlookup at fatfs: pipe[m
[m[37m[  7.814585 0:6 syscall_entry::syscall:41] [32msyscall: 79 -> 0[m
[m[37m[  7.820686 0:6 syscall_fs::imp::stat:49] [32mpath : /random.lua[m
[m[37m[  7.823295 0:6 syscall_fs::ctype::file:185] [36mInto function new_fd, path: /random.lua[m
[m[37m[  7.827910 0:6 axfs::fops:117] [36mopen file: /random.lua READ[m
[m[37m[  7.830964 0:6 axfs::root:81] [36mlookup at root: /random.lua[m
[m[37m[  7.833425 0:6 axfs::fs::fatfs:156] [36mlookup at fatfs: random.lua[m
[m[37m[  7.855043 0:6 syscall_entry::syscall:41] [32msyscall: 79 -> 0[m
[m[37m[  7.859826 0:6 syscall_fs::imp::stat:49] [32mpath : /register[m
[m[37m[  7.862429 0:6 syscall_fs::ctype::file:185] [36mInto function new_fd, path: /register[m
[m[37m[  7.866080 0:6 axfs::fops:117] [36mopen file: /register READ[m
[m[37m[  7.868630 0:6 axfs::root:81] [36mlookup at root: /register[m
[m[37m[  7.871031 0:6 axfs::fs::fatfs:156] [36mlookup at fatfs: register[m
[m[37m[  7.895827 0:6 syscall_entry::syscall:41] [32msyscall: 79 -> 0[m
[m[37m[  7.898882 0:6 syscall_fs::imp::stat:49] [32mpath : /remove.lua[m
[m[37m[  7.901499 0:6 syscall_fs::ctype::file:185] [36mInto function new_fd, path: /remove.lua[m
[m[37m[  7.904645 0:6 axfs::fops:117] [36mopen file: /remove.lua READ[m
[m[37m[  7.908305 0:6 axfs::root:81] [36mlookup at root: /remove.lua[m
[m[37m[  7.911459 0:6 axfs::fs::fatfs:156] [36mlookup at fatfs: remove.lua[m
[m[37m[  7.933244 0:6 syscall_entry::syscall:41] [32msyscall: 79 -> 0[m
[m[37m[  7.936780 0:6 syscall_fs::imp::stat:49] [32mpath : /round_num.lua[m
[m[37m[  7.939538 0:6 syscall_fs::ctype::file:185] [36mInto function new_fd, path: /round_num.lua[m
[m[37m[  7.942776 0:6 axfs::fops:117] [36mopen file: /round_num.lua READ[m
[m[37m[  7.945750 0:6 axfs::root:81] [36mlookup at root: /round_num.lua[m
[m[37m[  7.949018 0:6 axfs::fs::fatfs:156] [36mlookup at fatfs: round_num.lua[m
[m[37m[  7.971213 0:6 syscall_entry::syscall:41] [32msyscall: 79 -> 0[m
[m[37m[  7.974181 0:6 syscall_fs::imp::stat:49] [32mpath : /run-dynamic.sh[m
[m[37m[  7.978276 0:6 syscall_fs::ctype::file:185] [36mInto function new_fd, path: /run-dynamic.sh[m
[m[37m[  7.982556 0:6 axfs::fops:117] [36mopen file: /run-dynamic.sh READ[m
[m[37m[  7.985077 0:6 axfs::root:81] [36mlookup at root: /run-dynamic.sh[m
[m[37m[  7.988919 0:6 axfs::fs::fatfs:156] [36mlookup at fatfs: run-dynamic.sh[m
[m[37m[  8.012146 0:6 syscall_entry::syscall:41] [32msyscall: 79 -> 0[m
[m[37m[  8.015172 0:6 syscall_fs::imp::stat:49] [32mpath : /run-static.sh[m
[m[37m[  8.019154 0:6 syscall_fs::ctype::file:185] [36mInto function new_fd, path: /run-static.sh[m
[m[37m[  8.022838 0:6 axfs::fops:117] [36mopen file: /run-static.sh READ[m
[m[37m[  8.025336 0:6 axfs::root:81] [36mlookup at root: /run-static.sh[m
[m[37m[  8.029074 0:6 axfs::fs::fatfs:156] [36mlookup at fatfs: run-static.sh[m
[m[37m[  8.052560 0:6 syscall_entry::syscall:41] [32msyscall: 79 -> 0[m
[m[37m[  8.055860 0:6 syscall_fs::imp::stat:49] [32mpath : /runtest.exe[m
[m[37m[  8.058607 0:6 syscall_fs::ctype::file:185] [36mInto function new_fd, path: /runtest.exe[m
[m[37m[  8.061793 0:6 axfs::fops:117] [36mopen file: /runtest.exe READ[m
[m[37m[  8.064227 0:6 axfs::root:81] [36mlookup at root: /runtest.exe[m
[m[37m[  8.067508 0:6 axfs::fs::fatfs:156] [36mlookup at fatfs: runtest.exe[m
[m[37m[  8.094891 0:6 syscall_entry::syscall:41] [32msyscall: 79 -> 0[m
[m[37m[  8.099035 0:6 syscall_fs::imp::stat:49] [32mpath : /short[m
[m[37m[  8.101576 0:6 syscall_fs::ctype::file:185] [36mInto function new_fd, path: /short[m
[m[37m[  8.104598 0:6 axfs::fops:117] [36mopen file: /short READ[m
[m[37m[  8.107751 0:6 axfs::root:81] [36mlookup at root: /short[m
[m[37m[  8.110149 0:6 axfs::fs::fatfs:156] [36mlookup at fatfs: short[m
[m[37m[  8.136562 0:6 syscall_entry::syscall:41] [32msyscall: 79 -> 0[m
[m[37m[  8.139693 0:6 syscall_fs::imp::stat:49] [32mpath : /sin30.lua[m
[m[37m[  8.142280 0:6 syscall_fs::ctype::file:185] [36mInto function new_fd, path: /sin30.lua[m
[m[37m[  8.147189 0:6 axfs::fops:117] [36mopen file: /sin30.lua READ[m
[m[37m[  8.149751 0:6 axfs::root:81] [36mlookup at root: /sin30.lua[m
[m[37m[  8.152182 0:6 axfs::fs::fatfs:156] [36mlookup at fatfs: sin30.lua[m
[m[37m[  8.176914 0:6 syscall_entry::syscall:41] [32msyscall: 79 -> 0[m
[m[37m[  8.180049 0:6 syscall_fs::imp::stat:49] [32mpath : /sort.lua[m
[m[37m[  8.182815 0:6 syscall_fs::ctype::file:185] [36mInto function new_fd, path: /sort.lua[m
[m[37m[  8.186687 0:6 axfs::fops:117] [36mopen file: /sort.lua READ[m
[m[37m[  8.189714 0:6 axfs::root:81] [36mlookup at root: /sort.lua[m
[m[37m[  8.192103 0:6 axfs::fs::fatfs:156] [36mlookup at fatfs: sort.lua[m
[m[37m[  8.216935 0:6 syscall_entry::syscall:41] [32msyscall: 79 -> 0[m
[m[37m[  8.221053 0:6 syscall_fs::imp::stat:49] [32mpath : /spawn[m
[m[37m[  8.223553 0:6 syscall_fs::ctype::file:185] [36mInto function new_fd, path: /spawn[m
[m[37m[  8.227610 0:6 axfs::fops:117] [36mopen file: /spawn READ[m
[m[37m[  8.230678 0:6 axfs::root:81] [36mlookup at root: /spawn[m
[m[37m[  8.233119 0:6 axfs::fs::fatfs:156] [36mlookup at fatfs: spawn[m
[m[37m[  8.260470 0:6 syscall_entry::syscall:41] [32msyscall: 79 -> 0[m
[m[37m[  8.263494 0:6 syscall_fs::imp::stat:49] [32mpath : /strings.lua[m
[m[37m[  8.266739 0:6 syscall_fs::ctype::file:185] [36mInto function new_fd, path: /strings.lua[m
[m[37m[  8.270713 0:6 axfs::fops:117] [36mopen file: /strings.lua READ[m
[m[37m[  8.273168 0:6 axfs::root:81] [36mlookup at root: /strings.lua[m
[m[37m[  8.276776 0:6 axfs::fs::fatfs:156] [36mlookup at fatfs: strings.lua[m
[m[37m[  8.301896 0:6 syscall_entry::syscall:41] [32msyscall: 79 -> 0[m
[m[37m[  8.305832 0:6 syscall_fs::imp::stat:49] [32mpath : /syscall[m
[m[37m[  8.308575 0:6 syscall_fs::ctype::file:185] [36mInto function new_fd, path: /syscall[m
[m[37m[  8.311704 0:6 axfs::fops:117] [36mopen file: /syscall READ[m
[m[37m[  8.314125 0:6 axfs::root:81] [36mlookup at root: /syscall[m
[m[37m[  8.317663 0:6 axfs::fs::fatfs:156] [36mlookup at fatfs: syscall[m
[m[37m[  8.345720 0:6 syscall_entry::syscall:41] [32msyscall: 79 -> 0[m
[m[37m[  8.348783 0:6 syscall_fs::imp::stat:49] [32mpath : /test.sh[m
[m[37m[  8.351314 0:6 syscall_fs::ctype::file:185] [36mInto function new_fd, path: /test.sh[m
[m[37m[  8.354375 0:6 axfs::fops:117] [36mopen file: /test.sh READ[m
[m[37m[  8.358054 0:6 axfs::root:81] [36mlookup at root: /test.sh[m
[m[37m[  8.360797 0:6 axfs::fs::fatfs:156] [36mlookup at fatfs: test.sh[m
[m[37m[  8.387938 0:6 syscall_entry::syscall:41] [32msyscall: 79 -> 0[m
[m[37m[  8.391234 0:6 syscall_fs::imp::stat:49] [32mpath : /test.txt[m
[m[37m[  8.393801 0:6 syscall_fs::ctype::file:185] [36mInto function new_fd, path: /test.txt[m
[m[37m[  8.398096 0:6 axfs::fops:117] [36mopen file: /test.txt READ[m
[m[37m[  8.401254 0:6 axfs::root:81] [36mlookup at root: /test.txt[m
[m[37m[  8.403677 0:6 axfs::fs::fatfs:156] [36mlookup at fatfs: test.txt[m
[m[37m[  8.430032 0:6 syscall_entry::syscall:41] [32msyscall: 79 -> 0[m
[m[37m[  8.433039 0:6 axprocess::link:317] [36mhandled_path: //[m
[m[37m[  8.436156 0:6 syscall_entry::syscall:41] [32msyscall: 61 -> 0[m
[m[37m[  8.439911 0:6 syscall_fs::imp::io:338] [32mInto syscall_close. fd: 3[m
[m[37m[  8.443689 0:6 syscall_entry::syscall:41] [32msyscall: 57 -> 0[m
[m[37m[  8.471872 0:6 syscall_fs::imp::ctl:335] [32mfd: 1, request: 21523, argp: 1073740360[m
[m[37m[  8.476594 0:6 syscall_entry::syscall:41] [32msyscall: 29 -> 0[m
[m[37m[  8.480756 0:6 axmem:736] [36mallocating page at 3ffff000[m
[m[37m[  8.484959 0:6 syscall_fs::imp::io:93] [32m[write()] fd: 1, buf: u8(0x164cb8), len: 83[m
[m[37m[  8.493835 0:6 axmem:736] [36mallocating page at 164000[m
[m[0;0marithoh[m                 [0;0mfstime[m                  [0;0mmulti.sh[m[37m[  8.502351 0:6 axmem:736] [36mallocating page at 3ffff000[m
[m[37m[  8.504815 0:6 syscall_fs::imp::io:93] [32m[write()] fd: 1, buf: u8(0x3ffffa6f), len: 1[m
[m[37m[  8.510328 0:6 axmem:736] [36mallocating page at 3ffff000[m
[m
[37m[  8.513071 0:6 syscall_entry::syscall:41] [32msyscall: 66 -> 84[m
[m[37m[  8.517417 0:6 axmem:736] [36mallocating page at 3ffff000[m
[m[37m[  8.519916 0:6 syscall_fs::imp::io:93] [32m[write()] fd: 1, buf: u8(0x164cb8), len: 82[m
[m[37m[  8.523057 0:6 axmem:736] [36mallocating page at 164000[m
[m[0;0mbin[m                     [0;0mhackbench[m               [0;0mnetperf[m[37m[  8.528388 0:6 axmem:736] [36mallocating page at 3ffff000[m
[m[37m[  8.530660 0:6 syscall_fs::imp::io:93] [32m[write()] fd: 1, buf: u8(0x3ffffa6f), len: 1[m
[m[37m[  8.533841 0:6 axmem:736] [36mallocating page at 3ffff000[m
[m
[37m[  8.537146 0:6 syscall_entry::syscall:41] [32msyscall: 66 -> 83[m
[m[37m[  8.539875 0:6 axmem:736] [36mallocating page at 3ffff000[m
[m[37m[  8.542318 0:6 syscall_fs::imp::io:93] [32m[write()] fd: 1, buf: u8(0x164cb8), len: 94[m
[m[37m[  8.545487 0:6 axmem:736] [36mallocating page at 164000[m
[m[0;0mbusybox[m                 [0;0mhanoi[m                   [0;0mnetperf_testcode.sh[m[37m[  8.551890 0:6 axmem:736] [36mallocating page at 3ffff000[m
[m[37m[  8.554176 0:6 syscall_fs::imp::io:93] [32m[write()] fd: 1, buf: u8(0x3ffffa6f), len: 1[m
[m[37m[  8.558455 0:6 axmem:736] [36mallocating page at 3ffff000[m
[m
[37m[  8.564353 0:6 syscall_entry::syscall:41] [32msyscall: 66 -> 95[m
[m[37m[  8.568027 0:6 axmem:736] [36mallocating page at 3ffff000[m
[m[37m[  8.571555 0:6 syscall_fs::imp::io:93] [32m[write()] fd: 1, buf: u8(0x164cb8), len: 84[m
[m[37m[  8.578305 0:6 axmem:736] [36mallocating page at 164000[m
[m[0;0mbusybox_cmd.txt[m         [0;0mhello[m                   [0;0mnetserver[m[37m[  8.587292 0:6 axmem:736] [36mallocating page at 3ffff000[m
[m[37m[  8.590245 0:6 syscall_fs::imp::io:93] [32m[write()] fd: 1, buf: u8(0x3ffffa6f), len: 1[m
[m[37m[  8.593422 0:6 axmem:736] [36mallocating page at 3ffff000[m
[m
[37m[  8.597286 0:6 syscall_entry::syscall:41] [32msyscall: 66 -> 85[m
[m[37m[  8.600105 0:6 axmem:736] [36mallocating page at 3ffff000[m
[m[37m[  8.602835 0:6 syscall_fs::imp::io:93] [32m[write()] fd: 1, buf: u8(0x164cb8), len: 79[m
[m[37m[  8.611535 0:6 axmem:736] [36mallocating page at 164000[m
[m[0;0mbusybox_testcode.sh[m     [0;0mint[m                     [0;0mpipe[m[37m[  8.618913 0:6 axmem:736] [36mallocating page at 3ffff000[m
[m[37m[  8.621208 0:6 syscall_fs::imp::io:93] [32m[write()] fd: 1, buf: u8(0x3ffffa6f), len: 1[m
[m[37m[  8.624413 0:6 axmem:736] [36mallocating page at 3ffff000[m
[m
[37m[  8.628377 0:6 syscall_entry::syscall:41] [32msyscall: 66 -> 80[m
[m[37m[  8.631165 0:6 axmem:736] [36mallocating page at 3ffff000[m
[m[37m[  8.633623 0:6 syscall_fs::imp::io:93] [32m[write()] fd: 1, buf: u8(0x164cb8), len: 85[m
[m[37m[  8.638454 0:6 axmem:736] [36mallocating page at 164000[m
[m[0;0mcontext1[m                [0;0minterrupts-test-1[m       [0;0mrandom.lua[m[37m[  8.643584 0:6 axmem:736] [36mallocating page at 3ffff000[m
[m[37m[  8.646564 0:6 syscall_fs::imp::io:93] [32m[write()] fd: 1, buf: u8(0x3ffffa6f), len: 1[m
[m[37m[  8.650040 0:6 axmem:736] [36mallocating page at 3ffff000[m
[m
[37m[  8.652414 0:6 syscall_entry::syscall:41] [32msyscall: 66 -> 86[m
[m[37m[  8.655641 0:6 axmem:736] [36mallocating page at 3ffff000[m
[m[37m[  8.658625 0:6 syscall_fs::imp::io:93] [32m[write()] fd: 1, buf: u8(0x164cb8), len: 83[m
[m[37m[  8.661803 0:6 axmem:736] [36mallocating page at 164000[m
[m[0;0mcopy-file-range-test-1[m  [0;0minterrupts-test-2[m       [0;0mregister[m[37m[  8.668134 0:6 axmem:736] [36mallocating page at 3ffff000[m
[m[37m[  8.670474 0:6 syscall_fs::imp::io:93] [32m[write()] fd: 1, buf: u8(0x3ffffa6f), len: 1[m
[m[37m[  8.673883 0:6 axmem:736] [36mallocating page at 3ffff000[m
[m
[37m[  8.677559 0:6 syscall_entry::syscall:41] [32msyscall: 66 -> 84[m
[m[37m[  8.680340 0:6 axmem:736] [36mallocating page at 3ffff000[m
[m[37m[  8.682797 0:6 syscall_fs::imp::io:93] [32m[write()] fd: 1, buf: u8(0x164cb8), len: 85[m
[m[37m[  8.686939 0:6 axmem:736] [36mallocating page at 164000[m
[m[0;0mcopy-file-range-test-2[m  [0;0miozone[m                  [0;0mremove.lua[m[37m[  8.692221 0:6 axmem:736] [36mallocating page at 3ffff000[m
[m[37m[  8.694510 0:6 syscall_fs::imp::io:93] [32m[write()] fd: 1, buf: u8(0x3ffffa6f), len: 1[m
[m[37m[  8.698881 0:6 axmem:736] [36mallocating page at 3ffff000[m
[m
[37m[  8.701461 0:6 syscall_entry::syscall:41] [32msyscall: 66 -> 86[m
[m[37m[  8.704155 0:6 axmem:736] [36mallocating page at 3ffff000[m
[m[37m[  8.707372 0:6 syscall_fs::imp::io:93] [32m[write()] fd: 1, buf: u8(0x164cb8), len: 88[m
[m[37m[  8.710820 0:6 axmem:736] [36mallocating page at 164000[m
[m[0;0mcopy-file-range-test-3[m  [0;0miozone_testcode.sh[m      [0;0mround_num.lua[m[37m[  8.716871 0:6 axmem:736] [36mallocating page at 3ffff000[m
[m[37m[  8.719140 0:6 syscall_fs::imp::io:93] [32m[write()] fd: 1, buf: u8(0x3ffffa6f), len: 1[m
[m[37m[  8.722325 0:6 axmem:736] [36mallocating page at 3ffff000[m
[m
[37m[  8.724627 0:6 syscall_entry::syscall:41] [32msyscall: 66 -> 89[m
[m[37m[  8.728664 0:6 axmem:736] [36mallocating page at 3ffff000[m
[m[37m[  8.731156 0:6 syscall_fs::imp::io:93] [32m[write()] fd: 1, buf: u8(0x164cb8), len: 89[m
[m[37m[  8.734342 0:6 axmem:736] [36mallocating page at 164000[m
[m[0;0mcopy-file-range-test-4[m  [0;0miperf3[m                  [0;0mrun-dynamic.sh[m[37m[  8.740526 0:6 axmem:736] [36mallocating page at 3ffff000[m
[m[37m[  8.743171 0:6 syscall_fs::imp::io:93] [32m[write()] fd: 1, buf: u8(0x3ffffa6f), len: 1[m
[m[37m[  8.747169 0:6 axmem:736] [36mallocating page at 3ffff000[m
[m
[37m[  8.749700 0:6 syscall_entry::syscall:41] [32msyscall: 66 -> 90[m
[m[37m[  8.752408 0:6 axmem:736] [36mallocating page at 3ffff000[m
[m[37m[  8.754861 0:6 syscall_fs::imp::io:93] [32m[write()] fd: 1, buf: u8(0x164cb8), len: 88[m
[m[37m[  8.760730 0:6 axmem:736] [36mallocating page at 164000[m
[m[0;0mcyclictest[m              [0;0miperf_testcode.sh[m       [0;0mrun-static.sh[m[37m[  8.767706 0:6 axmem:736] [36mallocating page at 3ffff000[m
[m[37m[  8.770873 0:6 syscall_fs::imp::io:93] [32m[write()] fd: 1, buf: u8(0x3ffffa6f), len: 1[m
[m[37m[  8.777554 0:6 axmem:736] [36mallocating page at 3ffff000[m
[m
[37m[  8.780165 0:6 syscall_entry::syscall:41] [32msyscall: 66 -> 89[m
[m[37m[  8.782938 0:6 axmem:736] [36mallocating page at 3ffff000[m
[m[37m[  8.785932 0:6 syscall_fs::imp::io:93] [32m[write()] fd: 1, buf: u8(0x164cb8), len: 86[m
[m[37m[  8.789516 0:6 axmem:736] [36mallocating page at 164000[m
[m[0;0mcyclictest_testcode.sh[m  [0;0mlibc-bench[m              [0;0mruntest.exe[m[37m[  8.794464 0:6 axmem:736] [36mallocating page at 3ffff000[m
[m[37m[  8.797582 0:6 syscall_fs::imp::io:93] [32m[write()] fd: 1, buf: u8(0x3ffffa6f), len: 1[m
[m[37m[  8.801086 0:6 axmem:736] [36mallocating page at 3ffff000[m
[m
[37m[  8.807042 0:6 syscall_entry::syscall:41] [32msyscall: 66 -> 87[m
[m[37m[  8.809815 0:6 axmem:736] [36mallocating page at 3ffff000[m
[m[37m[  8.812267 0:6 syscall_fs::imp::io:93] [32m[write()] fd: 1, buf: u8(0x164cb8), len: 80[m
[m[37m[  8.816568 0:6 axmem:736] [36mallocating page at 164000[m
[m[0;0mdate.lua[m                [0;0mlibc.so[m                 [0;0mshort[m[37m[  8.821667 0:6 axmem:736] [36mallocating page at 3ffff000[m
[m[37m[  8.823944 0:6 syscall_fs::imp::io:93] [32m[write()] fd: 1, buf: u8(0x3ffffa6f), len: 1[m
[m[37m[  8.828151 0:6 axmem:736] [36mallocating page at 3ffff000[m
[m
[37m[  8.831062 0:6 syscall_entry::syscall:41] [32msyscall: 66 -> 81[m
[m[37m[  8.833798 0:6 axmem:736] [36mallocating page at 3ffff000[m
[m[37m[  8.836901 0:6 syscall_fs::imp::io:93] [32m[write()] fd: 1, buf: u8(0x164cb8), len: 84[m
[m[37m[  8.840317 0:6 axmem:736] [36mallocating page at 164000[m
[m[0;0mdhry2[m                   [0;0mlibctest_testcode.sh[m    [0;0msin30.lua[m[37m[  8.845124 0:6 axmem:736] [36mallocating page at 3ffff000[m
[m[37m[  8.848462 0:6 syscall_fs::imp::io:93] [32m[write()] fd: 1, buf: u8(0x3ffffa6f), len: 1[m
[m[37m[  8.852156 0:6 axmem:736] [36mallocating page at 3ffff000[m
[m
[37m[  8.854527 0:6 syscall_entry::syscall:41] [32msyscall: 66 -> 85[m
[m[37m[  8.858166 0:6 axmem:736] [36mallocating page at 3ffff000[m
[m[37m[  8.860649 0:6 syscall_fs::imp::io:93] [32m[write()] fd: 1, buf: u8(0x164cb8), len: 83[m
[m[37m[  8.863827 0:6 axmem:736] [36mallocating page at 164000[m
[m[0;0mdhry2reg[m                [0;0mlmbench_all[m             [0;0msort.lua[m[37m[  8.869658 0:6 axmem:736] [36mallocating page at 3ffff000[m
[m[37m[  8.871961 0:6 syscall_fs::imp::io:93] [32m[write()] fd: 1, buf: u8(0x3ffffa6f), len: 1[m
[m[37m[  8.876007 0:6 axmem:736] [36mallocating page at 3ffff000[m
[m
[37m[  8.878569 0:6 syscall_entry::syscall:41] [32msyscall: 66 -> 84[m
[m[37m[  8.881291 0:6 axmem:736] [36mallocating page at 3ffff000[m
[m[37m[  8.883761 0:6 syscall_fs::imp::io:93] [32m[write()] fd: 1, buf: u8(0x164cb8), len: 80[m
[m[37m[  8.892375 0:6 axmem:736] [36mallocating page at 164000[m
[m[0;0mdlopen_dso.so[m           [0;0mlmbench_testcode.sh[m     [0;0mspawn[m[37m[  8.903118 0:6 axmem:736] [36mallocating page at 3ffff000[m
[m[37m[  8.905916 0:6 syscall_fs::imp::io:93] [32m[write()] fd: 1, buf: u8(0x3ffffa6f), len: 1[m
[m[37m[  8.909354 0:6 axmem:736] [36mallocating page at 3ffff000[m
[m
[37m[  8.912104 0:6 syscall_entry::syscall:41] [32msyscall: 66 -> 81[m
[m[37m[  8.914803 0:6 axmem:736] [36mallocating page at 3ffff000[m
[m[37m[  8.918457 0:6 syscall_fs::imp::io:93] [32m[write()] fd: 1, buf: u8(0x164cb8), len: 86[m
[m[37m[  8.927715 0:6 axmem:736] [36mallocating page at 164000[m
[m[0;0mdouble[m                  [0;0mlong[m                    [0;0mstrings.lua[m[37m[  8.933016 0:6 axmem:736] [36mallocating page at 3ffff000[m
[m[37m[  8.935616 0:6 syscall_fs::imp::io:93] [32m[write()] fd: 1, buf: u8(0x3ffffa6f), len: 1[m
[m[37m[  8.939245 0:6 axmem:736] [36mallocating page at 3ffff000[m
[m
[37m[  8.941594 0:6 syscall_entry::syscall:41] [32msyscall: 66 -> 87[m
[m[37m[  8.944339 0:6 axmem:736] [36mallocating page at 3ffff000[m
[m[37m[  8.947758 0:6 syscall_fs::imp::io:93] [32m[write()] fd: 1, buf: u8(0x164cb8), len: 82[m
[m[37m[  8.951202 0:6 axmem:736] [36mallocating page at 164000[m
[m[0;0mentry-dynamic.exe[m       [0;0mlooper[m                  [0;0msyscall[m[37m[  8.956944 0:6 axmem:736] [36mallocating page at 3ffff000[m
[m[37m[  8.959242 0:6 syscall_fs::imp::io:93] [32m[write()] fd: 1, buf: u8(0x3ffffa6f), len: 1[m
[m[37m[  8.962515 0:6 axmem:736] [36mallocating page at 3ffff000[m
[m
[37m[  8.964854 0:6 syscall_entry::syscall:41] [32msyscall: 66 -> 83[m
[m[37m[  8.968729 0:6 axmem:736] [36mallocating page at 3ffff000[m
[m[37m[  8.971206 0:6 syscall_fs::imp::io:93] [32m[write()] fd: 1, buf: u8(0x164cb8), len: 82[m
[m[37m[  8.974363 0:6 axmem:736] [36mallocating page at 164000[m
[m[0;0mentry-static.exe[m        [0;0mlua[m                     [0;0mtest.sh[m[37m[  8.980447 0:6 axmem:736] [36mallocating page at 3ffff000[m
[m[37m[  8.982740 0:6 syscall_fs::imp::io:93] [32m[write()] fd: 1, buf: u8(0x3ffffa6f), len: 1[m
[m[37m[  8.986970 0:6 axmem:736] [36mallocating page at 3ffff000[m
[m
[37m[  8.989586 0:6 syscall_entry::syscall:41] [32msyscall: 66 -> 83[m
[m[37m[  8.992283 0:6 axmem:736] [36mallocating page at 3ffff000[m
[m[37m[  8.994773 0:6 syscall_fs::imp::io:93] [32m[write()] fd: 1, buf: u8(0x164cb8), len: 83[m
[m[37m[  9.000309 0:6 axmem:736] [36mallocating page at 164000[m
[m[0;0mexecl[m                   [0;0mlua_testcode.sh[m         [0;0mtest.txt[m[37m[  9.012137 0:6 axmem:736] [36mallocating page at 3ffff000[m
[m[37m[  9.014409 0:6 syscall_fs::imp::io:93] [32m[write()] fd: 1, buf: u8(0x3ffffa6f), len: 1[m
[m[37m[  9.019812 0:6 axmem:736] [36mallocating page at 3ffff000[m
[m
[37m[  9.022657 0:6 syscall_entry::syscall:41] [32msyscall: 66 -> 84[m
[m[37m[  9.025501 0:6 axmem:736] [36mallocating page at 3ffff000[m
[m[37m[  9.029324 0:6 syscall_fs::imp::io:93] [32m[write()] fd: 1, buf: u8(0x164cb8), len: 46[m
[m[37m[  9.032969 0:6 axmem:736] [36mallocating page at 164000[m
[m[0;0mfile_io.lua[m             [0;0mmain[m[37m[  9.037324 0:6 axmem:736] [36mallocating page at 3ffff000[m
[m[37m[  9.040011 0:6 syscall_fs::imp::io:93] [32m[write()] fd: 1, buf: u8(0x3ffffa6f), len: 1[m
[m[37m[  9.043068 0:6 axmem:736] [36mallocating page at 3ffff000[m
[m
[37m[  9.045475 0:6 syscall_entry::syscall:41] [32msyscall: 66 -> 47[m
[m[37m[  9.049353 0:6 axmem:736] [36mallocating page at 3ffff000[m
[m[37m[  9.052237 0:6 syscall_fs::imp::io:93] [32m[write()] fd: 1, buf: u8(0x164cb8), len: 53[m
[m[37m[  9.055256 0:6 axmem:736] [36mallocating page at 164000[m
[m[0;0mfloat[m                   [0;0mmax_min.lua[m[37m[  9.060977 0:6 axmem:736] [36mallocating page at 3ffff000[m
[m[37m[  9.063136 0:6 syscall_fs::imp::io:93] [32m[write()] fd: 1, buf: u8(0x3ffffa6f), len: 1[m
[m[37m[  9.066206 0:6 axmem:736] [36mallocating page at 3ffff000[m
[m
[37m[  9.070014 0:6 syscall_entry::syscall:41] [32msyscall: 66 -> 54[m
[m[37m[  9.084127 0:6 syscall_task::imp::task:34] [32mexit: exit_code = 0[m
[m[37m[  9.089761 0:6 axprocess::api:59] [32mexit task id 6 with code 0[m
[m[37m[  9.104802 0:6 axtask::run_queue:98] [36mtask exit: Task(6, "busybox"), exit_code=0[m
[m[37m[  9.111125 0:6 axtask::run_queue:148] [36mtask unblock: Task(4, "gc")[m
[m[37m[  9.134321 0:3 axtask::task:641] [36mtask drop: Task(6, "busybox")[m
[m[37m[  9.143476 0:3 syscall_entry::test:417] [32m --------------- test passed --------------- [m
[m[37m[  9.152647 0:3 syscall_entry::test:434] [32m --------------- all test ended, passed 1 / 1 --------------- [m
[m[37m[  9.157996 0:3 syscall_entry::test:438] [32m --------------- failed tests: --------------- [m
[m[37m[  9.163080 0:3 syscall_entry::test:442] [32m --------------- end --------------- [m
[m[37m[  9.168254 0:3 axtask::run_queue:98] [36mtask exit: Task(3, "main"), exit_code=0[m
[m[37m[  9.172438 0:3 axhal::platform::riscv64_qemu_virt::misc:3] [32mShutting down...[m
[m